<?xml version="1.0" encoding="UTF-8"?>
<coverage generated="1584827895024" clover="3.2.0">
  <project timestamp="1584827895024" name="All files">
    <metrics statements="377" coveredstatements="355" conditionals="247" coveredconditionals="224" methods="89" coveredmethods="84" elements="713" coveredelements="663" complexity="0" loc="377" ncloc="377" packages="2" files="11" classes="11"/>
    <package name="src">
      <metrics statements="163" coveredstatements="143" conditionals="65" coveredconditionals="50" methods="41" coveredmethods="36"/>
      <file name="Abilities.ts" path="C:\Users\doron\myprojects\check-abilities\src\Abilities.ts">
        <metrics statements="18" coveredstatements="18" conditionals="7" coveredconditionals="7" methods="7" coveredmethods="7"/>
        <line num="1" count="1" type="stmt"/>
        <line num="2" count="1" type="stmt"/>
        <line num="6" count="1" type="stmt"/>
        <line num="11" count="2" type="stmt"/>
        <line num="12" count="2" type="stmt"/>
        <line num="15" count="1" type="stmt"/>
        <line num="16" count="1" type="stmt"/>
        <line num="29" count="1" type="stmt"/>
        <line num="34" count="12" type="cond" truecount="1" falsecount="0"/>
        <line num="35" count="12" type="cond" truecount="4" falsecount="0"/>
        <line num="36" count="1" type="stmt"/>
        <line num="38" count="11" type="stmt"/>
        <line num="49" count="1" type="stmt"/>
        <line num="54" count="2" type="stmt"/>
        <line num="55" count="14" type="stmt"/>
        <line num="56" count="20" type="cond" truecount="2" falsecount="0"/>
        <line num="58" count="2" type="stmt"/>
        <line num="60" count="1" type="stmt"/>
      </file>
      <file name="AbilitiesResponse.ts" path="C:\Users\doron\myprojects\check-abilities\src\AbilitiesResponse.ts">
        <metrics statements="85" coveredstatements="65" conditionals="40" coveredconditionals="25" methods="18" coveredmethods="13"/>
        <line num="10" count="1" type="stmt"/>
        <line num="11" count="1" type="stmt"/>
        <line num="12" count="1" type="stmt"/>
        <line num="15" count="1" type="stmt"/>
        <line num="34" count="12" type="stmt"/>
        <line num="35" count="12" type="stmt"/>
        <line num="36" count="12" type="stmt"/>
        <line num="37" count="12" type="stmt"/>
        <line num="38" count="12" type="stmt"/>
        <line num="39" count="12" type="stmt"/>
        <line num="40" count="12" type="stmt"/>
        <line num="41" count="12" type="stmt"/>
        <line num="42" count="5" type="cond" truecount="1" falsecount="1"/>
        <line num="43" count="5" type="cond" truecount="1" falsecount="1"/>
        <line num="44" count="0" type="stmt"/>
        <line num="46" count="5" type="cond" truecount="2" falsecount="0"/>
        <line num="47" count="5" type="stmt"/>
        <line num="49" count="0" type="stmt"/>
        <line num="50" count="0" type="cond" truecount="0" falsecount="2"/>
        <line num="51" count="0" type="stmt"/>
        <line num="53" count="0" type="stmt"/>
        <line num="56" count="12" type="stmt"/>
        <line num="57" count="12" type="stmt"/>
        <line num="62" count="0" type="stmt"/>
        <line num="63" count="0" type="cond" truecount="0" falsecount="2"/>
        <line num="64" count="0" type="stmt"/>
        <line num="66" count="0" type="cond" truecount="0" falsecount="2"/>
        <line num="67" count="0" type="stmt"/>
        <line num="68" count="0" type="stmt"/>
        <line num="71" count="0" type="stmt"/>
        <line num="74" count="12" type="stmt"/>
        <line num="75" count="4" type="cond" truecount="1" falsecount="1"/>
        <line num="76" count="0" type="stmt"/>
        <line num="78" count="4" type="stmt"/>
        <line num="82" count="1" type="stmt"/>
        <line num="83" count="12" type="stmt"/>
        <line num="85" count="1" type="stmt"/>
        <line num="86" count="25" type="stmt"/>
        <line num="88" count="1" type="stmt"/>
        <line num="89" count="0" type="stmt"/>
        <line num="92" count="1" type="stmt"/>
        <line num="93" count="8" type="cond" truecount="1" falsecount="1"/>
        <line num="94" count="8" type="stmt"/>
        <line num="95" count="8" type="stmt"/>
        <line num="97" count="1" type="stmt"/>
        <line num="98" count="2" type="cond" truecount="1" falsecount="1"/>
        <line num="99" count="2" type="stmt"/>
        <line num="101" count="1" type="stmt"/>
        <line num="102" count="0" type="stmt"/>
        <line num="103" count="0" type="cond" truecount="0" falsecount="2"/>
        <line num="104" count="0" type="stmt"/>
        <line num="105" count="0" type="stmt"/>
        <line num="108" count="1" type="stmt"/>
        <line num="109" count="8" type="cond" truecount="1" falsecount="1"/>
        <line num="110" count="8" type="stmt"/>
        <line num="112" count="1" type="stmt"/>
        <line num="113" count="11" type="cond" truecount="2" falsecount="0"/>
        <line num="114" count="11" type="stmt"/>
        <line num="117" count="1" type="stmt"/>
        <line num="118" count="0" type="stmt"/>
        <line num="119" count="0" type="stmt"/>
        <line num="121" count="1" type="stmt"/>
        <line num="122" count="4" type="stmt"/>
        <line num="123" count="4" type="stmt"/>
        <line num="124" count="4" type="stmt"/>
        <line num="125" count="4" type="stmt"/>
        <line num="126" count="4" type="stmt"/>
        <line num="127" count="4" type="stmt"/>
        <line num="130" count="1" type="stmt"/>
        <line num="131" count="19" type="stmt"/>
        <line num="132" count="19" type="stmt"/>
        <line num="133" count="19" type="stmt"/>
        <line num="134" count="19" type="stmt"/>
        <line num="136" count="19" type="cond" truecount="2" falsecount="0"/>
        <line num="137" count="19" type="cond" truecount="2" falsecount="0"/>
        <line num="138" count="8" type="stmt"/>
        <line num="140" count="19" type="cond" truecount="4" falsecount="0"/>
        <line num="141" count="1" type="stmt"/>
        <line num="146" count="18" type="cond" truecount="4" falsecount="0"/>
        <line num="147" count="7" type="stmt"/>
        <line num="151" count="11" type="cond" truecount="3" falsecount="1"/>
        <line num="152" count="11" type="stmt"/>
        <line num="156" count="1" type="stmt"/>
        <line num="157" count="12" type="stmt"/>
        <line num="170" count="1" type="stmt"/>
      </file>
      <file name="Allow.ts" path="C:\Users\doron\myprojects\check-abilities\src\Allow.ts">
        <metrics statements="58" coveredstatements="58" conditionals="18" coveredconditionals="18" methods="16" coveredmethods="16"/>
        <line num="1" count="1" type="stmt"/>
        <line num="8" count="1" type="stmt"/>
        <line num="29" count="1" type="stmt"/>
        <line num="30" count="1" type="stmt"/>
        <line num="31" count="12" type="stmt"/>
        <line num="41" count="11" type="stmt"/>
        <line num="42" count="11" type="stmt"/>
        <line num="44" count="1" type="stmt"/>
        <line num="45" count="8" type="stmt"/>
        <line num="46" count="8" type="stmt"/>
        <line num="47" count="8" type="stmt"/>
        <line num="50" count="1" type="stmt"/>
        <line num="51" count="8" type="stmt"/>
        <line num="52" count="8" type="stmt"/>
        <line num="53" count="8" type="stmt"/>
        <line num="56" count="1" type="stmt"/>
        <line num="57" count="1" type="stmt"/>
        <line num="58" count="1" type="stmt"/>
        <line num="59" count="1" type="stmt"/>
        <line num="62" count="1" type="stmt"/>
        <line num="63" count="2" type="stmt"/>
        <line num="64" count="2" type="stmt"/>
        <line num="65" count="2" type="stmt"/>
        <line num="66" count="2" type="stmt"/>
        <line num="69" count="1" type="stmt"/>
        <line num="70" count="40" type="stmt"/>
        <line num="73" count="1" type="stmt"/>
        <line num="74" count="5" type="stmt"/>
        <line num="75" count="5" type="stmt"/>
        <line num="76" count="5" type="stmt"/>
        <line num="77" count="5" type="stmt"/>
        <line num="80" count="1" type="stmt"/>
        <line num="81" count="40" type="stmt"/>
        <line num="84" count="1" type="stmt"/>
        <line num="85" count="4" type="stmt"/>
        <line num="86" count="4" type="stmt"/>
        <line num="87" count="4" type="stmt"/>
        <line num="90" count="1" type="stmt"/>
        <line num="91" count="1" type="stmt"/>
        <line num="92" count="1" type="stmt"/>
        <line num="93" count="1" type="stmt"/>
        <line num="96" count="1" type="stmt"/>
        <line num="97" count="1" type="stmt"/>
        <line num="98" count="1" type="stmt"/>
        <line num="101" count="11" type="stmt"/>
        <line num="104" count="87" type="stmt"/>
        <line num="106" count="87" type="cond" truecount="2" falsecount="0"/>
        <line num="107" count="87" type="cond" truecount="2" falsecount="0"/>
        <line num="108" count="87" type="cond" truecount="1" falsecount="0"/>
        <line num="109" count="130" type="cond" truecount="9" falsecount="0"/>
        <line num="111" count="77" type="cond" truecount="2" falsecount="0"/>
        <line num="117" count="1" type="stmt"/>
        <line num="118" count="19" type="stmt"/>
        <line num="120" count="1" type="stmt"/>
        <line num="121" count="21" type="stmt"/>
        <line num="123" count="1" type="stmt"/>
        <line num="124" count="19" type="stmt"/>
        <line num="126" count="1" type="stmt"/>
      </file>
      <file name="declarations.d.ts" path="C:\Users\doron\myprojects\check-abilities\src\declarations.d.ts">
        <metrics statements="0" coveredstatements="0" conditionals="0" coveredconditionals="0" methods="0" coveredmethods="0"/>
      </file>
      <file name="index.ts" path="C:\Users\doron\myprojects\check-abilities\src\index.ts">
        <metrics statements="2" coveredstatements="2" conditionals="0" coveredconditionals="0" methods="0" coveredmethods="0"/>
        <line num="1" count="1" type="stmt"/>
        <line num="2" count="1" type="stmt"/>
      </file>
    </package>
    <package name="src.utils">
      <metrics statements="214" coveredstatements="212" conditionals="182" coveredconditionals="174" methods="48" coveredmethods="48"/>
      <file name="checkAbilities.ts" path="C:\Users\doron\myprojects\check-abilities\src\utils\checkAbilities.ts">
        <metrics statements="24" coveredstatements="24" conditionals="19" coveredconditionals="19" methods="4" coveredmethods="4"/>
        <line num="5" count="1" type="stmt"/>
        <line num="6" count="1" type="stmt"/>
        <line num="10" count="12" type="stmt"/>
        <line num="11" count="12" type="stmt"/>
        <line num="13" count="12" type="stmt"/>
        <line num="14" count="12" type="stmt"/>
        <line num="23" count="84" type="stmt"/>
        <line num="25" count="84" type="cond" truecount="2" falsecount="0"/>
        <line num="26" count="84" type="cond" truecount="2" falsecount="0"/>
        <line num="29" count="76" type="cond" truecount="2" falsecount="0"/>
        <line num="32" count="21" type="stmt"/>
        <line num="34" count="21" type="stmt"/>
        <line num="36" count="21" type="cond" truecount="2" falsecount="0"/>
        <line num="39" count="21" type="stmt"/>
        <line num="40" count="21" type="stmt"/>
        <line num="41" count="21" type="cond" truecount="3" falsecount="0"/>
        <line num="42" count="21" type="cond" truecount="2" falsecount="0"/>
        <line num="43" count="21" type="cond" truecount="2" falsecount="0"/>
        <line num="49" count="12" type="stmt"/>
        <line num="50" count="12" type="cond" truecount="2" falsecount="0"/>
        <line num="51" count="10" type="cond" truecount="2" falsecount="0"/>
        <line num="53" count="2" type="stmt"/>
        <line num="57" count="12" type="stmt"/>
        <line num="60" count="1" type="stmt"/>
      </file>
      <file name="filterData.ts" path="C:\Users\doron\myprojects\check-abilities\src\utils\filterData.ts">
        <metrics statements="14" coveredstatements="14" conditionals="6" coveredconditionals="6" methods="4" coveredmethods="4"/>
        <line num="1" count="2" type="stmt"/>
        <line num="3" count="2" type="stmt"/>
        <line num="5" count="2" type="stmt"/>
        <line num="10" count="23" type="stmt"/>
        <line num="11" count="23" type="stmt"/>
        <line num="13" count="23" type="cond" truecount="2" falsecount="0"/>
        <line num="16" count="23" type="stmt"/>
        <line num="17" count="23" type="stmt"/>
        <line num="20" count="2" type="stmt"/>
        <line num="24" count="12" type="stmt"/>
        <line num="25" count="12" type="cond" truecount="2" falsecount="0"/>
        <line num="27" count="11" type="stmt"/>
        <line num="28" count="22" type="stmt"/>
        <line num="31" count="1" type="stmt"/>
      </file>
      <file name="tinytim.ts" path="C:\Users\doron\myprojects\check-abilities\src\utils\tinytim.ts">
        <metrics statements="18" coveredstatements="18" conditionals="8" coveredconditionals="6" methods="2" coveredmethods="2"/>
        <line num="4" count="5" type="stmt"/>
        <line num="5" count="5" type="stmt"/>
        <line num="6" count="5" type="stmt"/>
        <line num="7" count="5" type="stmt"/>
        <line num="9" count="5" type="stmt"/>
        <line num="11" count="11" type="cond" truecount="1" falsecount="1"/>
        <line num="12" count="22" type="cond" truecount="1" falsecount="1"/>
        <line num="15" count="11" type="stmt"/>
        <line num="16" count="13" type="stmt"/>
        <line num="17" count="13" type="stmt"/>
        <line num="18" count="13" type="stmt"/>
        <line num="19" count="13" type="stmt"/>
        <line num="21" count="13" type="stmt"/>
        <line num="23" count="24" type="stmt"/>
        <line num="26" count="24" type="cond" truecount="2" falsecount="0"/>
        <line num="27" count="3" type="stmt"/>
        <line num="31" count="21" type="cond" truecount="2" falsecount="0"/>
        <line num="32" count="10" type="stmt"/>
      </file>
      <file name="utils.ts" path="C:\Users\doron\myprojects\check-abilities\src\utils\utils.ts">
        <metrics statements="73" coveredstatements="71" conditionals="87" coveredconditionals="81" methods="20" coveredmethods="20"/>
        <line num="11" count="4" type="stmt"/>
        <line num="12" count="4" type="stmt"/>
        <line num="14" count="4" type="stmt"/>
        <line num="15" count="6" type="cond" truecount="2" falsecount="0"/>
        <line num="16" count="5" type="stmt"/>
        <line num="19" count="4" type="stmt"/>
        <line num="20" count="154" type="cond" truecount="2" falsecount="0"/>
        <line num="23" count="4" type="stmt"/>
        <line num="24" count="28" type="cond" truecount="4" falsecount="0"/>
        <line num="25" count="23" type="stmt"/>
        <line num="27" count="5" type="cond" truecount="2" falsecount="0"/>
        <line num="28" count="1" type="stmt"/>
        <line num="30" count="5" type="stmt"/>
        <line num="33" count="4" type="stmt"/>
        <line num="34" count="10" type="stmt"/>
        <line num="37" count="4" type="stmt"/>
        <line num="38" count="35" type="cond" truecount="2" falsecount="0"/>
        <line num="39" count="15" type="stmt"/>
        <line num="41" count="20" type="cond" truecount="2" falsecount="0"/>
        <line num="42" count="7" type="stmt"/>
        <line num="44" count="13" type="cond" truecount="2" falsecount="0"/>
        <line num="45" count="9" type="stmt"/>
        <line num="47" count="4" type="stmt"/>
        <line num="50" count="4" type="stmt"/>
        <line num="54" count="11" type="stmt"/>
        <line num="55" count="11" type="cond" truecount="2" falsecount="0"/>
        <line num="57" count="10" type="cond" truecount="3" falsecount="1"/>
        <line num="59" count="1" type="stmt"/>
        <line num="61" count="4" type="stmt"/>
        <line num="64" count="10" type="stmt"/>
        <line num="66" count="4" type="stmt"/>
        <line num="67" count="7" type="cond" truecount="2" falsecount="0"/>
        <line num="68" count="5" type="cond" truecount="2" falsecount="0"/>
        <line num="69" count="3" type="stmt"/>
        <line num="71" count="2" type="stmt"/>
        <line num="74" count="4" type="stmt"/>
        <line num="75" count="5" type="cond" truecount="1" falsecount="1"/>
        <line num="76" count="5" type="cond" truecount="1" falsecount="1"/>
        <line num="77" count="5" type="stmt"/>
        <line num="80" count="4" type="stmt"/>
        <line num="81" count="10" type="cond" truecount="3" falsecount="1"/>
        <line num="82" count="0" type="stmt"/>
        <line num="84" count="10" type="stmt"/>
        <line num="86" count="10" type="stmt"/>
        <line num="88" count="2" type="stmt"/>
        <line num="91" count="2" type="cond" truecount="1" falsecount="1"/>
        <line num="92" count="0" type="stmt"/>
        <line num="96" count="10" type="stmt"/>
        <line num="98" count="10" type="cond" truecount="1" falsecount="1"/>
        <line num="101" count="4" type="stmt"/>
        <line num="102" count="10" type="cond" truecount="3" falsecount="0"/>
        <line num="105" count="4" type="stmt"/>
        <line num="106" count="44" type="stmt"/>
        <line num="107" count="44" type="stmt"/>
        <line num="108" count="44" type="stmt"/>
        <line num="109" count="87" type="cond" truecount="2" falsecount="0"/>
        <line num="110" count="16" type="stmt"/>
        <line num="112" count="71" type="stmt"/>
        <line num="115" count="44" type="stmt"/>
        <line num="121" count="4" type="stmt"/>
        <line num="126" count="44" type="cond" truecount="2" falsecount="0"/>
        <line num="127" count="44" type="cond" truecount="2" falsecount="0"/>
        <line num="128" count="8" type="stmt"/>
        <line num="129" count="8" type="cond" truecount="2" falsecount="0"/>
        <line num="130" count="5" type="stmt"/>
        <line num="134" count="44" type="stmt"/>
        <line num="137" count="14" type="stmt"/>
        <line num="138" count="112" type="cond" truecount="2" falsecount="0"/>
        <line num="139" count="196" type="stmt"/>
        <line num="143" count="4" type="stmt"/>
        <line num="146" count="5" type="stmt"/>
        <line num="148" count="4" type="stmt"/>
        <line num="149" count="20" type="stmt"/>
      </file>
      <file name="validateData.ts" path="C:\Users\doron\myprojects\check-abilities\src\utils\validateData.ts">
        <metrics statements="56" coveredstatements="56" conditionals="38" coveredconditionals="38" methods="9" coveredmethods="9"/>
        <line num="1" count="2" type="stmt"/>
        <line num="3" count="2" type="stmt"/>
        <line num="5" count="2" type="stmt"/>
        <line num="6" count="22" type="stmt"/>
        <line num="7" count="22" type="cond" truecount="4" falsecount="0"/>
        <line num="8" count="17" type="cond" truecount="4" falsecount="0"/>
        <line num="9" count="17" type="stmt"/>
        <line num="10" count="17" type="stmt"/>
        <line num="11" count="37" type="stmt"/>
        <line num="12" count="69" type="cond" truecount="2" falsecount="0"/>
        <line num="13" count="27" type="stmt"/>
        <line num="15" count="10" type="stmt"/>
        <line num="16" count="10" type="cond" truecount="2" falsecount="0"/>
        <line num="17" count="5" type="cond" truecount="2" falsecount="0"/>
        <line num="18" count="3" type="stmt"/>
        <line num="19" count="3" type="cond" truecount="2" falsecount="0"/>
        <line num="20" count="1" type="stmt"/>
        <line num="22" count="2" type="stmt"/>
        <line num="24" count="2" type="stmt"/>
        <line num="26" count="5" type="stmt"/>
        <line num="28" count="8" type="stmt"/>
        <line num="30" count="9" type="stmt"/>
        <line num="34" count="2" type="stmt"/>
        <line num="35" count="21" type="stmt"/>
        <line num="36" count="21" type="cond" truecount="2" falsecount="0"/>
        <line num="37" count="6" type="stmt"/>
        <line num="38" count="6" type="cond" truecount="2" falsecount="0"/>
        <line num="39" count="2" type="stmt"/>
        <line num="42" count="4" type="stmt"/>
        <line num="44" count="2" type="stmt"/>
        <line num="47" count="2" type="stmt"/>
        <line num="52" count="21" type="stmt"/>
        <line num="53" count="21" type="stmt"/>
        <line num="54" count="21" type="stmt"/>
        <line num="55" count="21" type="cond" truecount="2" falsecount="0"/>
        <line num="56" count="19" type="stmt"/>
        <line num="59" count="2" type="stmt"/>
        <line num="63" count="30" type="cond" truecount="2" falsecount="0"/>
        <line num="66" count="18" type="stmt"/>
        <line num="67" count="18" type="stmt"/>
        <line num="68" count="18" type="stmt"/>
        <line num="69" count="18" type="cond" truecount="4" falsecount="0"/>
        <line num="70" count="1" type="stmt"/>
        <line num="72" count="17" type="cond" truecount="2" falsecount="0"/>
        <line num="74" count="9" type="stmt"/>
        <line num="75" count="13" type="stmt"/>
        <line num="76" count="13" type="cond" truecount="2" falsecount="0"/>
        <line num="77" count="4" type="stmt"/>
        <line num="80" count="5" type="stmt"/>
        <line num="82" count="8" type="stmt"/>
        <line num="83" count="8" type="cond" truecount="4" falsecount="0"/>
        <line num="84" count="1" type="stmt"/>
        <line num="86" count="7" type="stmt"/>
        <line num="89" count="6" type="cond" truecount="2" falsecount="0"/>
        <line num="90" count="1" type="stmt"/>
        <line num="92" count="5" type="stmt"/>
      </file>
      <file name="validators.ts" path="C:\Users\doron\myprojects\check-abilities\src\utils\validators.ts">
        <metrics statements="29" coveredstatements="29" conditionals="24" coveredconditionals="24" methods="9" coveredmethods="9"/>
        <line num="10" count="34" type="cond" truecount="3" falsecount="0"/>
        <line num="11" count="2" type="stmt"/>
        <line num="12" count="11" type="cond" truecount="2" falsecount="0"/>
        <line num="13" count="1" type="stmt"/>
        <line num="15" count="10" type="stmt"/>
        <line num="18" count="2" type="stmt"/>
        <line num="19" count="11" type="cond" truecount="2" falsecount="0"/>
        <line num="20" count="1" type="stmt"/>
        <line num="22" count="10" type="stmt"/>
        <line num="25" count="2" type="stmt"/>
        <line num="26" count="4" type="cond" truecount="2" falsecount="0"/>
        <line num="27" count="1" type="stmt"/>
        <line num="29" count="3" type="stmt"/>
        <line num="32" count="2" type="stmt"/>
        <line num="34" count="5" type="cond" truecount="4" falsecount="0"/>
        <line num="35" count="1" type="stmt"/>
        <line num="37" count="4" type="stmt"/>
        <line num="40" count="2" type="stmt"/>
        <line num="41" count="8" type="cond" truecount="2" falsecount="0"/>
        <line num="42" count="1" type="stmt"/>
        <line num="44" count="7" type="stmt"/>
        <line num="47" count="2" type="stmt"/>
        <line num="48" count="8" type="cond" truecount="2" falsecount="0"/>
        <line num="54" count="1" type="stmt"/>
        <line num="56" count="7" type="stmt"/>
        <line num="59" count="2" type="stmt"/>
        <line num="61" count="4" type="cond" truecount="4" falsecount="0"/>
        <line num="62" count="1" type="stmt"/>
        <line num="64" count="3" type="stmt"/>
      </file>
    </package>
  </project>
</coverage>
