{"C:\\Users\\doron\\myprojects\\check-abilities\\src\\Abilities.ts": {"path":"C:\\Users\\doron\\myprojects\\check-abilities\\src\\Abilities.ts","statementMap":{"0":{"start":{"line":1,"column":0},"end":{"line":1,"column":52}},"1":{"start":{"line":2,"column":0},"end":{"line":2,"column":34}},"2":{"start":{"line":3,"column":0},"end":{"line":3,"column":45}},"3":{"start":{"line":6,"column":0},"end":{"line":6,"column":null}},"4":{"start":{"line":10,"column":4},"end":{"line":10,"column":61}},"5":{"start":{"line":10,"column":46},"end":{"line":10,"column":60}},"6":{"start":{"line":13,"column":9},"end":{"line":17,"column":null}},"7":{"start":{"line":14,"column":4},"end":{"line":16,"column":6}},"8":{"start":{"line":27,"column":15},"end":{"line":33,"column":null}},"9":{"start":{"line":32,"column":11},"end":{"line":32,"column":89}},"10":{"start":{"line":32,"column":4},"end":{"line":32,"column":89}},"11":{"start":{"line":35,"column":15},"end":{"line":45,"column":null}},"12":{"start":{"line":40,"column":8},"end":{"line":40,"column":23}},"13":{"start":{"line":41,"column":4},"end":{"line":43,"column":7}},"14":{"start":{"line":41,"column":53},"end":{"line":43,"column":6}},"15":{"start":{"line":42,"column":15},"end":{"line":42,"column":25}},"16":{"start":{"line":42,"column":15},"end":{"line":42,"column":21}},"17":{"start":{"line":42,"column":25},"end":{"line":42,"column":70}},"18":{"start":{"line":42,"column":6},"end":{"line":42,"column":70}},"19":{"start":{"line":44,"column":4},"end":{"line":44,"column":18}},"20":{"start":{"line":46,"column":0},"end":{"line":46,"column":null}}},"fnMap":{"0":{"name":"(anonymous_0)","decl":{"start":{"line":6,"column":0},"end":{"line":6,"column":null}},"loc":{"start":{"line":6,"column":0},"end":{"line":46,"column":null}}},"1":{"name":"Abilities","decl":{"start":{"line":8,"column":2},"end":{"line":8,"column":15}},"loc":{"start":{"line":8,"column":35},"end":{"line":11,"column":3}}},"2":{"name":"(anonymous_2)","decl":{"start":{"line":10,"column":35},"end":{"line":10,"column":42}},"loc":{"start":{"line":10,"column":42},"end":{"line":10,"column":53}}},"3":{"name":"(anonymous_3)","decl":{"start":{"line":13,"column":2},"end":{"line":13,"column":9}},"loc":{"start":{"line":13,"column":2},"end":{"line":17,"column":3}}},"4":{"name":"(anonymous_4)","decl":{"start":{"line":27,"column":2},"end":{"line":27,"column":15}},"loc":{"start":{"line":30,"column":21},"end":{"line":33,"column":null}}},"5":{"name":"(anonymous_7)","decl":{"start":{"line":35,"column":2},"end":{"line":35,"column":15}},"loc":{"start":{"line":38,"column":21},"end":{"line":45,"column":null}}},"6":{"name":"(anonymous_10)","decl":{"start":{"line":41,"column":39},"end":{"line":41,"column":46}},"loc":{"start":{"line":41,"column":53},"end":{"line":43,"column":6}}},"7":{"name":"(anonymous_11)","decl":{"start":{"line":41,"column":53},"end":{"line":41,"column":null}},"loc":{"start":{"line":41,"column":53},"end":{"line":43,"column":6}}}},"branchMap":{"0":{"loc":{"start":{"line":32,"column":11},"end":{"line":32,"column":89}},"type":"switch","locations":[{"start":{"line":32,"column":11},"end":{"line":32,"column":89}},{"start":{"line":32,"column":4},"end":{"line":32,"column":89}}]},"1":{"loc":{"start":{"line":42,"column":15},"end":{"line":42,"column":21}},"type":"if","locations":[{"start":{"line":42,"column":15},"end":{"line":42,"column":21}},{"start":{"line":42,"column":15},"end":{"line":42,"column":21}}]}},"s":{"0":1,"1":1,"2":1,"3":1,"4":1,"5":7,"6":1,"7":1,"8":1,"9":11,"10":11,"11":1,"12":2,"13":4,"14":14,"15":14,"16":20,"17":16,"18":14,"19":2,"20":1},"f":{"0":1,"1":1,"2":7,"3":1,"4":11,"5":2,"6":14,"7":14},"b":{"0":[11,11],"1":[6,8]}}
,"C:\\Users\\doron\\myprojects\\check-abilities\\src\\allow.ts": {"path":"C:\\Users\\doron\\myprojects\\check-abilities\\src\\allow.ts","statementMap":{"0":{"start":{"line":1,"column":0},"end":{"line":1,"column":null}},"1":{"start":{"line":5,"column":0},"end":{"line":5,"column":null}},"2":{"start":{"line":26,"column":20},"end":{"line":26,"column":25}},"3":{"start":{"line":27,"column":21},"end":{"line":27,"column":26}},"4":{"start":{"line":28,"column":0},"end":{"line":28,"column":13}},"5":{"start":{"line":39,"column":9},"end":{"line":43,"column":null}},"6":{"start":{"line":40,"column":4},"end":{"line":40,"column":25}},"7":{"start":{"line":41,"column":4},"end":{"line":41,"column":24}},"8":{"start":{"line":42,"column":4},"end":{"line":42,"column":16}},"9":{"start":{"line":45,"column":9},"end":{"line":49,"column":null}},"10":{"start":{"line":46,"column":4},"end":{"line":46,"column":25}},"11":{"start":{"line":47,"column":4},"end":{"line":47,"column":25}},"12":{"start":{"line":48,"column":4},"end":{"line":48,"column":16}},"13":{"start":{"line":51,"column":9},"end":{"line":55,"column":null}},"14":{"start":{"line":52,"column":4},"end":{"line":52,"column":25}},"15":{"start":{"line":53,"column":4},"end":{"line":53,"column":36}},"16":{"start":{"line":54,"column":4},"end":{"line":54,"column":16}},"17":{"start":{"line":57,"column":9},"end":{"line":61,"column":null}},"18":{"start":{"line":58,"column":4},"end":{"line":58,"column":28}},"19":{"start":{"line":59,"column":4},"end":{"line":59,"column":27}},"20":{"start":{"line":60,"column":4},"end":{"line":60,"column":16}},"21":{"start":{"line":63,"column":9},"end":{"line":67,"column":null}},"22":{"start":{"line":64,"column":4},"end":{"line":64,"column":24}},"23":{"start":{"line":65,"column":4},"end":{"line":65,"column":35}},"24":{"start":{"line":66,"column":4},"end":{"line":66,"column":16}},"25":{"start":{"line":69,"column":9},"end":{"line":73,"column":null}},"26":{"start":{"line":70,"column":4},"end":{"line":70,"column":22}},"27":{"start":{"line":71,"column":4},"end":{"line":71,"column":21}},"28":{"start":{"line":72,"column":4},"end":{"line":72,"column":16}},"29":{"start":{"line":75,"column":9},"end":{"line":79,"column":null}},"30":{"start":{"line":76,"column":4},"end":{"line":76,"column":22}},"31":{"start":{"line":77,"column":4},"end":{"line":77,"column":21}},"32":{"start":{"line":78,"column":4},"end":{"line":78,"column":16}},"33":{"start":{"line":81,"column":9},"end":{"line":84,"column":null}},"34":{"start":{"line":82,"column":4},"end":{"line":82,"column":21}},"35":{"start":{"line":83,"column":4},"end":{"line":83,"column":16}},"36":{"start":{"line":86,"column":9},"end":{"line":97,"column":null}},"37":{"start":{"line":87,"column":4},"end":{"line":96,"column":6}},"38":{"start":{"line":98,"column":0},"end":{"line":98,"column":null}},"39":{"start":{"line":28,"column":13},"end":{"line":28,"column":20}},"40":{"start":{"line":100,"column":14},"end":{"line":100,"column":24}},"41":{"start":{"line":100,"column":20},"end":{"line":100,"column":34}},"42":{"start":{"line":101,"column":0},"end":{"line":101,"column":21}}},"fnMap":{"0":{"name":"(anonymous_0)","decl":{"start":{"line":28,"column":0},"end":{"line":28,"column":13}},"loc":{"start":{"line":28,"column":0},"end":{"line":98,"column":null}}},"1":{"name":"(anonymous_2)","decl":{"start":{"line":39,"column":2},"end":{"line":39,"column":9}},"loc":{"start":{"line":39,"column":30},"end":{"line":43,"column":3}}},"2":{"name":"(anonymous_3)","decl":{"start":{"line":45,"column":2},"end":{"line":45,"column":9}},"loc":{"start":{"line":45,"column":32},"end":{"line":49,"column":3}}},"3":{"name":"(anonymous_4)","decl":{"start":{"line":51,"column":2},"end":{"line":51,"column":9}},"loc":{"start":{"line":51,"column":37},"end":{"line":55,"column":3}}},"4":{"name":"(anonymous_5)","decl":{"start":{"line":57,"column":2},"end":{"line":57,"column":9}},"loc":{"start":{"line":57,"column":36},"end":{"line":61,"column":3}}},"5":{"name":"(anonymous_6)","decl":{"start":{"line":63,"column":2},"end":{"line":63,"column":9}},"loc":{"start":{"line":63,"column":37},"end":{"line":67,"column":3}}},"6":{"name":"(anonymous_7)","decl":{"start":{"line":69,"column":2},"end":{"line":69,"column":9}},"loc":{"start":{"line":69,"column":31},"end":{"line":73,"column":3}}},"7":{"name":"(anonymous_8)","decl":{"start":{"line":75,"column":2},"end":{"line":75,"column":9}},"loc":{"start":{"line":75,"column":24},"end":{"line":79,"column":3}}},"8":{"name":"(anonymous_9)","decl":{"start":{"line":81,"column":2},"end":{"line":81,"column":9}},"loc":{"start":{"line":81,"column":23},"end":{"line":84,"column":3}}},"9":{"name":"(anonymous_10)","decl":{"start":{"line":86,"column":2},"end":{"line":86,"column":9}},"loc":{"start":{"line":86,"column":2},"end":{"line":97,"column":3}}},"10":{"name":"(anonymous_11)","decl":{"start":{"line":100,"column":14},"end":{"line":100,"column":20}},"loc":{"start":{"line":100,"column":14},"end":{"line":100,"column":24}}}},"branchMap":{"0":{"loc":{"start":{"line":88,"column":15},"end":{"line":88,"column":28}},"type":"binary-expr","locations":[{"start":{"line":88,"column":15},"end":{"line":88,"column":28}},{"start":{"line":88,"column":32},"end":{"line":88,"column":43}}]},"1":{"loc":{"start":{"line":89,"column":16},"end":{"line":89,"column":30}},"type":"binary-expr","locations":[{"start":{"line":89,"column":16},"end":{"line":89,"column":30}},{"start":{"line":89,"column":34},"end":{"line":89,"column":46}}]}},"s":{"0":1,"1":1,"2":1,"3":1,"4":1,"5":1,"6":7,"7":7,"8":7,"9":1,"10":7,"11":7,"12":7,"13":1,"14":1,"15":1,"16":1,"17":1,"18":2,"19":2,"20":2,"21":1,"22":5,"23":5,"24":5,"25":1,"26":4,"27":4,"28":4,"29":1,"30":1,"31":1,"32":1,"33":1,"34":1,"35":1,"36":1,"37":7,"38":1,"39":1,"40":1,"41":8,"42":1},"f":{"0":9,"1":7,"2":7,"3":1,"4":2,"5":5,"6":4,"7":1,"8":1,"9":7,"10":8},"b":{"0":[7,0],"1":[7,0]}}
,"C:\\Users\\doron\\myprojects\\check-abilities\\src\\declarations.d.ts": {"path":"C:\\Users\\doron\\myprojects\\check-abilities\\src\\declarations.d.ts","statementMap":{},"fnMap":{},"branchMap":{},"s":{},"f":{},"b":{},"hash":"cceaf59500c5c96ff5dee136e15596e0a7889870"}
,"C:\\Users\\doron\\myprojects\\check-abilities\\src\\index.ts": {"path":"C:\\Users\\doron\\myprojects\\check-abilities\\src\\index.ts","statementMap":{"0":{"start":{"line":1,"column":0},"end":{"line":1,"column":9}},"1":{"start":{"line":1,"column":9},"end":{"line":1,"column":25}},"2":{"start":{"line":2,"column":0},"end":{"line":2,"column":9}},"3":{"start":{"line":2,"column":9},"end":{"line":2,"column":29}}},"fnMap":{},"branchMap":{},"s":{"0":1,"1":1,"2":1,"3":1},"f":{},"b":{}}
,"C:\\Users\\doron\\myprojects\\check-abilities\\src\\messages.ts": {"path":"C:\\Users\\doron\\myprojects\\check-abilities\\src\\messages.ts","statementMap":{"0":{"start":{"line":1,"column":13},"end":{"line":9,"column":2}},"1":{"start":{"line":10,"column":11},"end":{"line":31,"column":2}},"2":{"start":{"line":15,"column":2},"end":{"line":30,"column":null}},"3":{"start":{"line":17,"column":6},"end":{"line":17,"column":21}},"4":{"start":{"line":19,"column":6},"end":{"line":19,"column":51}},"5":{"start":{"line":21,"column":6},"end":{"line":21,"column":57}},"6":{"start":{"line":25,"column":6},"end":{"line":25,"column":52}},"7":{"start":{"line":27,"column":6},"end":{"line":27,"column":73}},"8":{"start":{"line":29,"column":6},"end":{"line":29,"column":32}},"9":{"start":{"line":38,"column":13},"end":{"line":47,"column":2}},"10":{"start":{"line":42,"column":2},"end":{"line":45,"column":null}},"11":{"start":{"line":43,"column":4},"end":{"line":43,"column":35}},"12":{"start":{"line":44,"column":4},"end":{"line":44,"column":18}},"13":{"start":{"line":46,"column":2},"end":{"line":46,"column":48}}},"fnMap":{"0":{"name":"(anonymous_0)","decl":{"start":{"line":10,"column":34},"end":{"line":10,"column":null}},"loc":{"start":{"line":13,"column":18},"end":{"line":31,"column":1}}},"1":{"name":"(anonymous_1)","decl":{"start":{"line":38,"column":39},"end":{"line":38,"column":null}},"loc":{"start":{"line":39,"column":69},"end":{"line":47,"column":1}}}},"branchMap":{"0":{"loc":{"start":{"line":16,"column":4},"end":{"line":17,"column":21}},"type":"switch","locations":[{"start":{"line":16,"column":4},"end":{"line":17,"column":21}},{"start":{"line":18,"column":4},"end":{"line":19,"column":51}},{"start":{"line":20,"column":4},"end":{"line":21,"column":57}},{"start":{"line":22,"column":4},"end":{"line":22,"column":39}},{"start":{"line":23,"column":4},"end":{"line":23,"column":47}},{"start":{"line":24,"column":4},"end":{"line":25,"column":52}},{"start":{"line":26,"column":4},"end":{"line":27,"column":73}},{"start":{"line":28,"column":4},"end":{"line":29,"column":32}}]},"1":{"loc":{"start":{"line":42,"column":2},"end":{"line":45,"column":null}},"type":"if","locations":[{"start":{"line":42,"column":2},"end":{"line":45,"column":null}},{"start":{"line":42,"column":2},"end":{"line":45,"column":null}}]}},"s":{"0":2,"1":2,"2":19,"3":11,"4":1,"5":2,"6":3,"7":1,"8":1,"9":2,"10":2,"11":1,"12":1,"13":1},"f":{"0":19,"1":2},"b":{"0":[11,1,2,1,2,3,1,1],"1":[1,1]}}
,"C:\\Users\\doron\\myprojects\\check-abilities\\src\\utils\\can.ts": {"path":"C:\\Users\\doron\\myprojects\\check-abilities\\src\\utils\\can.ts","statementMap":{"0":{"start":{"line":6,"column":0},"end":{"line":6,"column":69}},"1":{"start":{"line":8,"column":13},"end":{"line":23,"column":2}},"2":{"start":{"line":12,"column":19},"end":{"line":23,"column":2}},"3":{"start":{"line":14,"column":8},"end":{"line":14,"column":54}},"4":{"start":{"line":15,"column":8},"end":{"line":15,"column":52}},"5":{"start":{"line":17,"column":4},"end":{"line":18,"column":null}},"6":{"start":{"line":17,"column":4},"end":{"line":17,"column":16}},"7":{"start":{"line":19,"column":5},"end":{"line":19,"column":22}},"8":{"start":{"line":19,"column":5},"end":{"line":19,"column":6}},"9":{"start":{"line":19,"column":22},"end":{"line":19,"column":50}},"10":{"start":{"line":19,"column":4},"end":{"line":19,"column":null}},"11":{"start":{"line":16,"column":2},"end":{"line":22,"column":4}}},"fnMap":{"0":{"name":"(anonymous_0)","decl":{"start":{"line":8,"column":19},"end":{"line":8,"column":null}},"loc":{"start":{"line":12,"column":19},"end":{"line":23,"column":2}}},"1":{"name":"(anonymous_1)","decl":{"start":{"line":12,"column":19},"end":{"line":12,"column":null}},"loc":{"start":{"line":12,"column":19},"end":{"line":23,"column":2}}}},"branchMap":{"0":{"loc":{"start":{"line":16,"column":2},"end":{"line":22,"column":4}},"type":"switch","locations":[{"start":{"line":16,"column":2},"end":{"line":22,"column":4}}]},"1":{"loc":{"start":{"line":14,"column":29},"end":{"line":14,"column":41}},"type":"cond-expr","locations":[{"start":{"line":14,"column":29},"end":{"line":14,"column":41}},{"start":{"line":14,"column":44},"end":{"line":14,"column":53}}]},"2":{"loc":{"start":{"line":15,"column":26},"end":{"line":15,"column":39}},"type":"cond-expr","locations":[{"start":{"line":15,"column":26},"end":{"line":15,"column":39}},{"start":{"line":15,"column":42},"end":{"line":15,"column":51}}]},"3":{"loc":{"start":{"line":17,"column":4},"end":{"line":17,"column":41}},"type":"binary-expr","locations":[{"start":{"line":17,"column":4},"end":{"line":17,"column":41}},{"start":{"line":18,"column":4},"end":{"line":18,"column":43}}]},"4":{"loc":{"start":{"line":17,"column":4},"end":{"line":17,"column":16}},"type":"if","locations":[{"start":{"line":17,"column":4},"end":{"line":17,"column":16}},{"start":{"line":17,"column":4},"end":{"line":17,"column":16}}]},"5":{"loc":{"start":{"line":19,"column":5},"end":{"line":19,"column":6}},"type":"if","locations":[{"start":{"line":19,"column":5},"end":{"line":19,"column":6}},{"start":{"line":19,"column":5},"end":{"line":19,"column":6}}]},"6":{"loc":{"start":{"line":17,"column":4},"end":{"line":17,"column":16}},"type":"binary-expr","locations":[{"start":{"line":17,"column":4},"end":{"line":17,"column":16}},{"start":{"line":20,"column":4},"end":{"line":20,"column":44}},{"start":{"line":21,"column":4},"end":{"line":21,"column":36}}]}},"s":{"0":1,"1":1,"2":85,"3":85,"4":85,"5":85,"6":129,"7":41,"8":72,"9":20,"10":41,"11":85},"f":{"0":85,"1":85},"b":{"0":[85],"1":[56,29],"2":[56,29],"3":[85,70],"4":[44,41],"5":[31,10],"6":[85,33,22]}}
,"C:\\Users\\doron\\myprojects\\check-abilities\\src\\utils\\checkAbilities.response.ts": {"path":"C:\\Users\\doron\\myprojects\\check-abilities\\src\\utils\\checkAbilities.response.ts","statementMap":{"0":{"start":{"line":8,"column":0},"end":{"line":8,"column":42}},"1":{"start":{"line":9,"column":0},"end":{"line":9,"column":46}},"2":{"start":{"line":10,"column":0},"end":{"line":10,"column":79}},"3":{"start":{"line":11,"column":0},"end":{"line":11,"column":57}},"4":{"start":{"line":13,"column":13},"end":{"line":24,"column":3}},"5":{"start":{"line":13,"column":63},"end":{"line":24,"column":3}},"6":{"start":{"line":22,"column":20},"end":{"line":22,"column":null}},"7":{"start":{"line":32,"column":13},"end":{"line":32,"column":92}},"8":{"start":{"line":32,"column":74},"end":{"line":32,"column":92}},"9":{"start":{"line":40,"column":13},"end":{"line":40,"column":94}},"10":{"start":{"line":40,"column":75},"end":{"line":40,"column":94}},"11":{"start":{"line":50,"column":13},"end":{"line":59,"column":2}},"12":{"start":{"line":51,"column":2},"end":{"line":51,"column":69}},"13":{"start":{"line":52,"column":2},"end":{"line":52,"column":40}},"14":{"start":{"line":53,"column":2},"end":{"line":53,"column":25}},"15":{"start":{"line":54,"column":2},"end":{"line":54,"column":39}},"16":{"start":{"line":55,"column":2},"end":{"line":55,"column":26}},"17":{"start":{"line":56,"column":2},"end":{"line":56,"column":29}},"18":{"start":{"line":57,"column":2},"end":{"line":57,"column":55}},"19":{"start":{"line":58,"column":2},"end":{"line":58,"column":18}},"20":{"start":{"line":61,"column":13},"end":{"line":67,"column":2}},"21":{"start":{"line":62,"column":2},"end":{"line":62,"column":29}},"22":{"start":{"line":63,"column":2},"end":{"line":63,"column":25}},"23":{"start":{"line":64,"column":2},"end":{"line":64,"column":56}},"24":{"start":{"line":65,"column":2},"end":{"line":65,"column":82}},"25":{"start":{"line":66,"column":2},"end":{"line":66,"column":18}},"26":{"start":{"line":69,"column":13},"end":{"line":98,"column":2}},"27":{"start":{"line":71,"column":27},"end":{"line":71,"column":115}},"28":{"start":{"line":72,"column":2},"end":{"line":76,"column":null}},"29":{"start":{"line":73,"column":4},"end":{"line":73,"column":52}},"30":{"start":{"line":74,"column":4},"end":{"line":74,"column":41}},"31":{"start":{"line":75,"column":4},"end":{"line":75,"column":47}},"32":{"start":{"line":77,"column":2},"end":{"line":97,"column":null}},"33":{"start":{"line":78,"column":4},"end":{"line":78,"column":72}},"34":{"start":{"line":79,"column":4},"end":{"line":79,"column":41}},"35":{"start":{"line":80,"column":4},"end":{"line":84,"column":7}},"36":{"start":{"line":85,"column":9},"end":{"line":97,"column":null}},"37":{"start":{"line":86,"column":4},"end":{"line":86,"column":72}},"38":{"start":{"line":87,"column":4},"end":{"line":87,"column":41}},"39":{"start":{"line":88,"column":4},"end":{"line":91,"column":7}},"40":{"start":{"line":92,"column":9},"end":{"line":97,"column":null}},"41":{"start":{"line":93,"column":4},"end":{"line":93,"column":44}},"42":{"start":{"line":94,"column":4},"end":{"line":94,"column":41}},"43":{"start":{"line":96,"column":4},"end":{"line":96,"column":58}},"44":{"start":{"line":109,"column":13},"end":{"line":123,"column":2}},"45":{"start":{"line":110,"column":2},"end":{"line":110,"column":69}},"46":{"start":{"line":112,"column":19},"end":{"line":112,"column":99}},"47":{"start":{"line":113,"column":2},"end":{"line":115,"column":null}},"48":{"start":{"line":114,"column":4},"end":{"line":114,"column":120}},"49":{"start":{"line":114,"column":55},"end":{"line":114,"column":120}},"50":{"start":{"line":118,"column":2},"end":{"line":121,"column":null}},"51":{"start":{"line":119,"column":26},"end":{"line":119,"column":88}},"52":{"start":{"line":120,"column":4},"end":{"line":120,"column":139}},"53":{"start":{"line":120,"column":57},"end":{"line":120,"column":139}},"54":{"start":{"line":122,"column":2},"end":{"line":122,"column":18}}},"fnMap":{"0":{"name":"(anonymous_0)","decl":{"start":{"line":13,"column":34},"end":{"line":13,"column":63}},"loc":{"start":{"line":13,"column":34},"end":{"line":13,"column":64}}},"1":{"name":"(anonymous_1)","decl":{"start":{"line":22,"column":14},"end":{"line":22,"column":20}},"loc":{"start":{"line":22,"column":14},"end":{"line":22,"column":24}}},"2":{"name":"(anonymous_2)","decl":{"start":{"line":32,"column":44},"end":{"line":32,"column":45}},"loc":{"start":{"line":32,"column":69},"end":{"line":32,"column":75}}},"3":{"name":"(anonymous_3)","decl":{"start":{"line":40,"column":45},"end":{"line":40,"column":46}},"loc":{"start":{"line":40,"column":70},"end":{"line":40,"column":76}}},"4":{"name":"(anonymous_4)","decl":{"start":{"line":50,"column":33},"end":{"line":50,"column":34}},"loc":{"start":{"line":50,"column":98},"end":{"line":59,"column":1}}},"5":{"name":"(anonymous_5)","decl":{"start":{"line":61,"column":30},"end":{"line":61,"column":31}},"loc":{"start":{"line":61,"column":95},"end":{"line":67,"column":1}}},"6":{"name":"(anonymous_6)","decl":{"start":{"line":69,"column":59},"end":{"line":69,"column":60}},"loc":{"start":{"line":69,"column":173},"end":{"line":98,"column":1}}},"7":{"name":"(anonymous_7)","decl":{"start":{"line":109,"column":34},"end":{"line":109,"column":35}},"loc":{"start":{"line":109,"column":99},"end":{"line":123,"column":1}}},"8":{"name":"(anonymous_8)","decl":{"start":{"line":114,"column":26},"end":{"line":114,"column":27}},"loc":{"start":{"line":114,"column":50},"end":{"line":114,"column":65}}},"9":{"name":"(anonymous_9)","decl":{"start":{"line":120,"column":28},"end":{"line":120,"column":29}},"loc":{"start":{"line":120,"column":52},"end":{"line":120,"column":69}}}},"branchMap":{"0":{"loc":{"start":{"line":71,"column":43},"end":{"line":71,"column":103}},"type":"cond-expr","locations":[{"start":{"line":71,"column":43},"end":{"line":71,"column":103}},{"start":{"line":71,"column":106},"end":{"line":71,"column":115}}]},"1":{"loc":{"start":{"line":72,"column":2},"end":{"line":76,"column":null}},"type":"if","locations":[{"start":{"line":72,"column":2},"end":{"line":76,"column":null}},{"start":{"line":72,"column":2},"end":{"line":76,"column":null}}]},"2":{"loc":{"start":{"line":73,"column":45},"end":{"line":73,"column":49}},"type":"cond-expr","locations":[{"start":{"line":73,"column":45},"end":{"line":73,"column":49}},{"start":{"line":73,"column":49},"end":{"line":73,"column":51}}]},"3":{"loc":{"start":{"line":73,"column":45},"end":{"line":73,"column":49}},"type":"binary-expr","locations":[{"start":{"line":73,"column":45},"end":{"line":73,"column":49}},{"start":{"line":73,"column":45},"end":{"line":73,"column":49}}]},"4":{"loc":{"start":{"line":77,"column":2},"end":{"line":97,"column":null}},"type":"if","locations":[{"start":{"line":77,"column":2},"end":{"line":97,"column":null}},{"start":{"line":77,"column":2},"end":{"line":97,"column":null}}]},"5":{"loc":{"start":{"line":77,"column":6},"end":{"line":77,"column":15}},"type":"binary-expr","locations":[{"start":{"line":77,"column":6},"end":{"line":77,"column":15}},{"start":{"line":77,"column":19},"end":{"line":77,"column":35}}]},"6":{"loc":{"start":{"line":78,"column":65},"end":{"line":78,"column":69}},"type":"cond-expr","locations":[{"start":{"line":78,"column":65},"end":{"line":78,"column":69}},{"start":{"line":78,"column":69},"end":{"line":78,"column":71}}]},"7":{"loc":{"start":{"line":78,"column":65},"end":{"line":78,"column":69}},"type":"binary-expr","locations":[{"start":{"line":78,"column":65},"end":{"line":78,"column":69}},{"start":{"line":78,"column":65},"end":{"line":78,"column":69}}]},"8":{"loc":{"start":{"line":85,"column":9},"end":{"line":97,"column":null}},"type":"if","locations":[{"start":{"line":85,"column":9},"end":{"line":97,"column":null}},{"start":{"line":85,"column":9},"end":{"line":97,"column":null}}]},"9":{"loc":{"start":{"line":85,"column":13},"end":{"line":85,"column":23}},"type":"binary-expr","locations":[{"start":{"line":85,"column":13},"end":{"line":85,"column":23}},{"start":{"line":85,"column":27},"end":{"line":85,"column":43}}]},"10":{"loc":{"start":{"line":86,"column":65},"end":{"line":86,"column":69}},"type":"cond-expr","locations":[{"start":{"line":86,"column":65},"end":{"line":86,"column":69}},{"start":{"line":86,"column":69},"end":{"line":86,"column":71}}]},"11":{"loc":{"start":{"line":86,"column":65},"end":{"line":86,"column":69}},"type":"binary-expr","locations":[{"start":{"line":86,"column":65},"end":{"line":86,"column":69}},{"start":{"line":86,"column":65},"end":{"line":86,"column":69}}]},"12":{"loc":{"start":{"line":92,"column":9},"end":{"line":97,"column":null}},"type":"if","locations":[{"start":{"line":92,"column":9},"end":{"line":97,"column":null}},{"start":{"line":92,"column":9},"end":{"line":97,"column":null}}]},"13":{"loc":{"start":{"line":92,"column":13},"end":{"line":92,"column":22}},"type":"binary-expr","locations":[{"start":{"line":92,"column":13},"end":{"line":92,"column":22}},{"start":{"line":92,"column":26},"end":{"line":92,"column":43}}]},"14":{"loc":{"start":{"line":93,"column":37},"end":{"line":93,"column":41}},"type":"cond-expr","locations":[{"start":{"line":93,"column":37},"end":{"line":93,"column":41}},{"start":{"line":93,"column":41},"end":{"line":93,"column":43}}]},"15":{"loc":{"start":{"line":93,"column":37},"end":{"line":93,"column":41}},"type":"binary-expr","locations":[{"start":{"line":93,"column":37},"end":{"line":93,"column":41}},{"start":{"line":93,"column":37},"end":{"line":93,"column":41}}]},"16":{"loc":{"start":{"line":112,"column":19},"end":{"line":112,"column":50}},"type":"binary-expr","locations":[{"start":{"line":112,"column":19},"end":{"line":112,"column":50}},{"start":{"line":112,"column":54},"end":{"line":112,"column":99}}]},"17":{"loc":{"start":{"line":113,"column":2},"end":{"line":115,"column":null}},"type":"if","locations":[{"start":{"line":113,"column":2},"end":{"line":115,"column":null}},{"start":{"line":113,"column":2},"end":{"line":115,"column":null}}]},"18":{"loc":{"start":{"line":118,"column":2},"end":{"line":121,"column":null}},"type":"if","locations":[{"start":{"line":118,"column":2},"end":{"line":121,"column":null}},{"start":{"line":118,"column":2},"end":{"line":121,"column":null}}]},"19":{"loc":{"start":{"line":118,"column":6},"end":{"line":118,"column":14}},"type":"binary-expr","locations":[{"start":{"line":118,"column":6},"end":{"line":118,"column":14}},{"start":{"line":118,"column":18},"end":{"line":118,"column":37}}]},"20":{"loc":{"start":{"line":119,"column":48},"end":{"line":119,"column":76}},"type":"cond-expr","locations":[{"start":{"line":119,"column":48},"end":{"line":119,"column":76}},{"start":{"line":119,"column":79},"end":{"line":119,"column":88}}]}},"s":{"0":1,"1":1,"2":1,"3":1,"4":1,"5":11,"6":0,"7":1,"8":0,"9":1,"10":0,"11":1,"12":2,"13":2,"14":2,"15":2,"16":2,"17":2,"18":2,"19":2,"20":1,"21":1,"22":1,"23":1,"24":1,"25":1,"26":1,"27":19,"28":19,"29":8,"30":8,"31":8,"32":19,"33":1,"34":1,"35":1,"36":18,"37":7,"38":7,"39":7,"40":11,"41":11,"42":11,"43":11,"44":1,"45":8,"46":8,"47":8,"48":8,"49":4,"50":8,"51":8,"52":8,"53":5,"54":8},"f":{"0":11,"1":0,"2":0,"3":0,"4":2,"5":1,"6":19,"7":8,"8":4,"9":5},"b":{"0":[8,11],"1":[8,11],"2":[0,8],"3":[8,0],"4":[1,18],"5":[19,12],"6":[0,1],"7":[1,0],"8":[7,11],"9":[18,7],"10":[0,7],"11":[7,0],"12":[11,0],"13":[11,11],"14":[2,9],"15":[11,2],"16":[8,1],"17":[8,0],"18":[8,0],"19":[8,0],"20":[6,2]}}
,"C:\\Users\\doron\\myprojects\\check-abilities\\src\\utils\\checkAbilities.ts": {"path":"C:\\Users\\doron\\myprojects\\check-abilities\\src\\utils\\checkAbilities.ts","statementMap":{"0":{"start":{"line":6,"column":0},"end":{"line":6,"column":72}},"1":{"start":{"line":7,"column":0},"end":{"line":7,"column":28}},"2":{"start":{"line":8,"column":0},"end":{"line":8,"column":null}},"3":{"start":{"line":16,"column":23},"end":{"line":93,"column":2}},"4":{"start":{"line":16,"column":58},"end":{"line":93,"column":2}},"5":{"start":{"line":17,"column":10},"end":{"line":17,"column":50}},"6":{"start":{"line":37,"column":8},"end":{"line":37,"column":40}},"7":{"start":{"line":46,"column":6},"end":{"line":46,"column":30}},"8":{"start":{"line":55,"column":6},"end":{"line":55,"column":29}},"9":{"start":{"line":64,"column":2},"end":{"line":79,"column":5}},"10":{"start":{"line":64,"column":56},"end":{"line":79,"column":4}},"11":{"start":{"line":65,"column":35},"end":{"line":65,"column":null}},"12":{"start":{"line":65,"column":10},"end":{"line":65,"column":null}},"13":{"start":{"line":68,"column":4},"end":{"line":70,"column":null}},"14":{"start":{"line":69,"column":6},"end":{"line":69,"column":13}},"15":{"start":{"line":72,"column":4},"end":{"line":72,"column":24}},"16":{"start":{"line":73,"column":4},"end":{"line":73,"column":55}},"17":{"start":{"line":73,"column":22},"end":{"line":73,"column":55}},"18":{"start":{"line":74,"column":10},"end":{"line":74,"column":53}},"19":{"start":{"line":75,"column":10},"end":{"line":75,"column":64}},"20":{"start":{"line":76,"column":4},"end":{"line":76,"column":72}},"21":{"start":{"line":77,"column":4},"end":{"line":77,"column":50}},"22":{"start":{"line":78,"column":4},"end":{"line":78,"column":124}},"23":{"start":{"line":78,"column":26},"end":{"line":78,"column":124}},"24":{"start":{"line":84,"column":2},"end":{"line":92,"column":null}},"25":{"start":{"line":85,"column":4},"end":{"line":89,"column":null}},"26":{"start":{"line":86,"column":6},"end":{"line":86,"column":58}},"27":{"start":{"line":88,"column":6},"end":{"line":88,"column":59}},"28":{"start":{"line":91,"column":4},"end":{"line":91,"column":53}},"29":{"start":{"line":95,"column":0},"end":{"line":95,"column":30}}},"fnMap":{"0":{"name":"(anonymous_0)","decl":{"start":{"line":16,"column":23},"end":{"line":16,"column":30}},"loc":{"start":{"line":16,"column":58},"end":{"line":93,"column":2}}},"1":{"name":"(anonymous_1)","decl":{"start":{"line":16,"column":58},"end":{"line":16,"column":null}},"loc":{"start":{"line":16,"column":58},"end":{"line":93,"column":2}}},"2":{"name":"(anonymous_3)","decl":{"start":{"line":64,"column":32},"end":{"line":64,"column":39}},"loc":{"start":{"line":64,"column":56},"end":{"line":79,"column":4}}},"3":{"name":"(anonymous_4)","decl":{"start":{"line":64,"column":56},"end":{"line":64,"column":null}},"loc":{"start":{"line":64,"column":56},"end":{"line":79,"column":4}}}},"branchMap":{"0":{"loc":{"start":{"line":65,"column":35},"end":{"line":65,"column":null}},"type":"switch","locations":[{"start":{"line":65,"column":35},"end":{"line":65,"column":null}}]},"1":{"loc":{"start":{"line":68,"column":4},"end":{"line":70,"column":null}},"type":"if","locations":[{"start":{"line":68,"column":4},"end":{"line":70,"column":null}},{"start":{"line":68,"column":4},"end":{"line":70,"column":null}}]},"2":{"loc":{"start":{"line":73,"column":4},"end":{"line":73,"column":55}},"type":"if","locations":[{"start":{"line":73,"column":4},"end":{"line":73,"column":55}},{"start":{"line":73,"column":4},"end":{"line":73,"column":55}}]},"3":{"loc":{"start":{"line":76,"column":22},"end":{"line":76,"column":37}},"type":"binary-expr","locations":[{"start":{"line":76,"column":22},"end":{"line":76,"column":37}},{"start":{"line":76,"column":42},"end":{"line":76,"column":56}},{"start":{"line":76,"column":60},"end":{"line":76,"column":70}}]},"4":{"loc":{"start":{"line":77,"column":21},"end":{"line":77,"column":35}},"type":"binary-expr","locations":[{"start":{"line":77,"column":21},"end":{"line":77,"column":35}},{"start":{"line":77,"column":39},"end":{"line":77,"column":49}}]},"5":{"loc":{"start":{"line":78,"column":4},"end":{"line":78,"column":124}},"type":"if","locations":[{"start":{"line":78,"column":4},"end":{"line":78,"column":124}},{"start":{"line":78,"column":4},"end":{"line":78,"column":124}}]},"6":{"loc":{"start":{"line":84,"column":2},"end":{"line":92,"column":null}},"type":"if","locations":[{"start":{"line":84,"column":2},"end":{"line":92,"column":null}},{"start":{"line":84,"column":2},"end":{"line":92,"column":null}}]},"7":{"loc":{"start":{"line":85,"column":4},"end":{"line":89,"column":null}},"type":"if","locations":[{"start":{"line":85,"column":4},"end":{"line":89,"column":null}},{"start":{"line":85,"column":4},"end":{"line":89,"column":null}}]}},"s":{"0":1,"1":1,"2":1,"3":1,"4":11,"5":11,"6":11,"7":11,"8":11,"9":22,"10":77,"11":77,"12":77,"13":77,"14":56,"15":21,"16":21,"17":2,"18":21,"19":21,"20":21,"21":21,"22":21,"23":19,"24":11,"25":10,"26":2,"27":8,"28":1,"29":1},"f":{"0":11,"1":11,"2":77,"3":77},"b":{"0":[77],"1":[56,21],"2":[2,19],"3":[21,21,13],"4":[21,18],"5":[19,2],"6":[10,1],"7":[2,8]}}
,"C:\\Users\\doron\\myprojects\\check-abilities\\src\\utils\\filterData.ts": {"path":"C:\\Users\\doron\\myprojects\\check-abilities\\src\\utils\\filterData.ts","statementMap":{"0":{"start":{"line":1,"column":0},"end":{"line":1,"column":76}},"1":{"start":{"line":3,"column":0},"end":{"line":3,"column":33}},"2":{"start":{"line":5,"column":13},"end":{"line":18,"column":2}},"3":{"start":{"line":10,"column":24},"end":{"line":10,"column":76}},"4":{"start":{"line":11,"column":8},"end":{"line":11,"column":10}},"5":{"start":{"line":11,"column":10},"end":{"line":11,"column":24}},"6":{"start":{"line":11,"column":26},"end":{"line":11,"column":71}},"7":{"start":{"line":13,"column":4},"end":{"line":15,"column":38}},"8":{"start":{"line":16,"column":2},"end":{"line":16,"column":74}},"9":{"start":{"line":16,"column":34},"end":{"line":16,"column":73}},"10":{"start":{"line":17,"column":2},"end":{"line":17,"column":21}},"11":{"start":{"line":20,"column":13},"end":{"line":32,"column":2}},"12":{"start":{"line":24,"column":18},"end":{"line":24,"column":37}},"13":{"start":{"line":25,"column":2},"end":{"line":30,"column":null}},"14":{"start":{"line":27,"column":4},"end":{"line":29,"column":6}},"15":{"start":{"line":28,"column":6},"end":{"line":28,"column":null}},"16":{"start":{"line":31,"column":2},"end":{"line":31,"column":58}}},"fnMap":{"0":{"name":"(anonymous_0)","decl":{"start":{"line":5,"column":28},"end":{"line":5,"column":null}},"loc":{"start":{"line":8,"column":53},"end":{"line":18,"column":1}}},"1":{"name":"(anonymous_1)","decl":{"start":{"line":16,"column":25},"end":{"line":16,"column":30}},"loc":{"start":{"line":16,"column":30},"end":{"line":16,"column":52}}},"2":{"name":"(anonymous_2)","decl":{"start":{"line":20,"column":26},"end":{"line":20,"column":null}},"loc":{"start":{"line":23,"column":53},"end":{"line":32,"column":1}}},"3":{"name":"(anonymous_3)","decl":{"start":{"line":27,"column":34},"end":{"line":27,"column":38}},"loc":{"start":{"line":27,"column":38},"end":{"line":28,"column":18}}}},"branchMap":{"0":{"loc":{"start":{"line":14,"column":8},"end":{"line":14,"column":12}},"type":"cond-expr","locations":[{"start":{"line":14,"column":8},"end":{"line":14,"column":12}},{"start":{"line":15,"column":8},"end":{"line":15,"column":38}}]},"1":{"loc":{"start":{"line":13,"column":4},"end":{"line":13,"column":31}},"type":"binary-expr","locations":[{"start":{"line":13,"column":4},"end":{"line":13,"column":31}},{"start":{"line":13,"column":35},"end":{"line":13,"column":63}}]},"2":{"loc":{"start":{"line":25,"column":2},"end":{"line":30,"column":null}},"type":"if","locations":[{"start":{"line":25,"column":2},"end":{"line":30,"column":null}},{"start":{"line":25,"column":2},"end":{"line":30,"column":null}}]}},"s":{"0":2,"1":2,"2":2,"3":23,"4":23,"5":23,"6":23,"7":23,"8":23,"9":10,"10":23,"11":2,"12":12,"13":12,"14":11,"15":22,"16":1},"f":{"0":23,"1":10,"2":12,"3":22},"b":{"0":[5,18],"1":[23,19],"2":[11,1]}}
,"C:\\Users\\doron\\myprojects\\check-abilities\\src\\utils\\tinytim.ts": {"path":"C:\\Users\\doron\\myprojects\\check-abilities\\src\\utils\\tinytim.ts","statementMap":{"0":{"start":{"line":4,"column":14},"end":{"line":4,"column":18}},"1":{"start":{"line":5,"column":12},"end":{"line":5,"column":16}},"2":{"start":{"line":6,"column":13},"end":{"line":6,"column":38}},"3":{"start":{"line":7,"column":16},"end":{"line":7,"column":72}},"4":{"start":{"line":11,"column":2},"end":{"line":11,"column":null}},"5":{"start":{"line":12,"column":2},"end":{"line":12,"column":null}},"6":{"start":{"line":15,"column":2},"end":{"line":35,"column":5}},"7":{"start":{"line":16,"column":17},"end":{"line":16,"column":33}},"8":{"start":{"line":17,"column":16},"end":{"line":17,"column":27}},"9":{"start":{"line":18,"column":17},"end":{"line":18,"column":21}},"10":{"start":{"line":19,"column":12},"end":{"line":19,"column":13}},"11":{"start":{"line":21,"column":4},"end":{"line":34,"column":null}},"12":{"start":{"line":23,"column":6},"end":{"line":23,"column":40}},"13":{"start":{"line":26,"column":6},"end":{"line":28,"column":null}},"14":{"start":{"line":27,"column":8},"end":{"line":27,"column":25}},"15":{"start":{"line":31,"column":6},"end":{"line":33,"column":null}},"16":{"start":{"line":32,"column":8},"end":{"line":32,"column":22}},"17":{"start":{"line":9,"column":0},"end":{"line":9,"column":null}}},"fnMap":{"0":{"name":"default_1","decl":{"start":{"line":9,"column":0},"end":{"line":9,"column":null}},"loc":{"start":{"line":12,"column":28},"end":{"line":36,"column":1}}},"1":{"name":"(anonymous_1)","decl":{"start":{"line":15,"column":35},"end":{"line":15,"column":36}},"loc":{"start":{"line":15,"column":47},"end":{"line":35,"column":3}}}},"branchMap":{"0":{"loc":{"start":{"line":11,"column":2},"end":{"line":11,"column":null}},"type":"if","locations":[{"start":{"line":11,"column":2},"end":{"line":11,"column":null}},{"start":{"line":11,"column":2},"end":{"line":11,"column":null}}]},"1":{"loc":{"start":{"line":12,"column":2},"end":{"line":12,"column":null}},"type":"if","locations":[{"start":{"line":12,"column":2},"end":{"line":12,"column":null}},{"start":{"line":12,"column":2},"end":{"line":12,"column":null}}]},"2":{"loc":{"start":{"line":26,"column":6},"end":{"line":28,"column":null}},"type":"if","locations":[{"start":{"line":26,"column":6},"end":{"line":28,"column":null}},{"start":{"line":26,"column":6},"end":{"line":28,"column":null}}]},"3":{"loc":{"start":{"line":31,"column":6},"end":{"line":33,"column":null}},"type":"if","locations":[{"start":{"line":31,"column":6},"end":{"line":33,"column":null}},{"start":{"line":31,"column":6},"end":{"line":33,"column":null}}]}},"s":{"0":5,"1":5,"2":5,"3":5,"4":11,"5":22,"6":11,"7":13,"8":13,"9":13,"10":13,"11":13,"12":24,"13":24,"14":3,"15":21,"16":10,"17":5},"f":{"0":11,"1":13},"b":{"0":[0,11],"1":[11,0],"2":[3,21],"3":[10,11]}}
,"C:\\Users\\doron\\myprojects\\check-abilities\\src\\utils\\utils.ts": {"path":"C:\\Users\\doron\\myprojects\\check-abilities\\src\\utils\\utils.ts","statementMap":{"0":{"start":{"line":10,"column":0},"end":{"line":10,"column":32}},"1":{"start":{"line":11,"column":0},"end":{"line":11,"column":24}},"2":{"start":{"line":13,"column":13},"end":{"line":16,"column":2}},"3":{"start":{"line":14,"column":2},"end":{"line":14,"column":57}},"4":{"start":{"line":14,"column":33},"end":{"line":14,"column":57}},"5":{"start":{"line":15,"column":2},"end":{"line":15,"column":15}},"6":{"start":{"line":18,"column":13},"end":{"line":20,"column":2}},"7":{"start":{"line":19,"column":2},"end":{"line":19,"column":56}},"8":{"start":{"line":22,"column":13},"end":{"line":30,"column":2}},"9":{"start":{"line":23,"column":2},"end":{"line":25,"column":null}},"10":{"start":{"line":24,"column":4},"end":{"line":24,"column":16}},"11":{"start":{"line":26,"column":2},"end":{"line":28,"column":null}},"12":{"start":{"line":27,"column":4},"end":{"line":27,"column":17}},"13":{"start":{"line":29,"column":2},"end":{"line":29,"column":57}},"14":{"start":{"line":29,"column":35},"end":{"line":29,"column":56}},"15":{"start":{"line":32,"column":13},"end":{"line":34,"column":2}},"16":{"start":{"line":33,"column":2},"end":{"line":33,"column":46}},"17":{"start":{"line":36,"column":13},"end":{"line":47,"column":2}},"18":{"start":{"line":37,"column":2},"end":{"line":39,"column":null}},"19":{"start":{"line":38,"column":4},"end":{"line":38,"column":16}},"20":{"start":{"line":40,"column":2},"end":{"line":42,"column":null}},"21":{"start":{"line":41,"column":4},"end":{"line":41,"column":17}},"22":{"start":{"line":43,"column":2},"end":{"line":45,"column":null}},"23":{"start":{"line":44,"column":4},"end":{"line":44,"column":16}},"24":{"start":{"line":46,"column":2},"end":{"line":46,"column":30}},"25":{"start":{"line":49,"column":13},"end":{"line":59,"column":2}},"26":{"start":{"line":53,"column":21},"end":{"line":53,"column":51}},"27":{"start":{"line":54,"column":2},"end":{"line":57,"column":null}},"28":{"start":{"line":56,"column":4},"end":{"line":56,"column":64}},"29":{"start":{"line":58,"column":2},"end":{"line":58,"column":20}},"30":{"start":{"line":60,"column":13},"end":{"line":63,"column":33}},"31":{"start":{"line":63,"column":5},"end":{"line":63,"column":33}},"32":{"start":{"line":65,"column":13},"end":{"line":71,"column":2}},"33":{"start":{"line":66,"column":2},"end":{"line":66,"column":31}},"34":{"start":{"line":66,"column":19},"end":{"line":66,"column":31}},"35":{"start":{"line":67,"column":2},"end":{"line":69,"column":null}},"36":{"start":{"line":68,"column":4},"end":{"line":68,"column":33}},"37":{"start":{"line":70,"column":2},"end":{"line":70,"column":44}},"38":{"start":{"line":73,"column":13},"end":{"line":77,"column":2}},"39":{"start":{"line":74,"column":2},"end":{"line":74,"column":27}},"40":{"start":{"line":74,"column":15},"end":{"line":74,"column":27}},"41":{"start":{"line":75,"column":2},"end":{"line":75,"column":37}},"42":{"start":{"line":75,"column":25},"end":{"line":75,"column":37}},"43":{"start":{"line":76,"column":2},"end":{"line":76,"column":15}},"44":{"start":{"line":79,"column":13},"end":{"line":98,"column":2}},"45":{"start":{"line":80,"column":2},"end":{"line":82,"column":null}},"46":{"start":{"line":81,"column":4},"end":{"line":81,"column":11}},"47":{"start":{"line":83,"column":30},"end":{"line":83,"column":45}},"48":{"start":{"line":85,"column":2},"end":{"line":93,"column":null}},"49":{"start":{"line":85,"column":15},"end":{"line":85,"column":16}},"50":{"start":{"line":87,"column":4},"end":{"line":87,"column":37}},"51":{"start":{"line":90,"column":4},"end":{"line":92,"column":null}},"52":{"start":{"line":91,"column":6},"end":{"line":91,"column":13}},"53":{"start":{"line":95,"column":23},"end":{"line":95,"column":38}},"54":{"start":{"line":97,"column":2},"end":{"line":97,"column":74}},"55":{"start":{"line":97,"column":40},"end":{"line":97,"column":74}},"56":{"start":{"line":100,"column":13},"end":{"line":102,"column":2}},"57":{"start":{"line":101,"column":2},"end":{"line":101,"column":77}},"58":{"start":{"line":104,"column":13},"end":{"line":118,"column":2}},"59":{"start":{"line":105,"column":35},"end":{"line":105,"column":37}},"60":{"start":{"line":106,"column":35},"end":{"line":106,"column":37}},"61":{"start":{"line":107,"column":2},"end":{"line":113,"column":5}},"62":{"start":{"line":108,"column":4},"end":{"line":112,"column":null}},"63":{"start":{"line":109,"column":6},"end":{"line":109,"column":43}},"64":{"start":{"line":111,"column":6},"end":{"line":111,"column":33}},"65":{"start":{"line":114,"column":2},"end":{"line":117,"column":4}},"66":{"start":{"line":120,"column":13},"end":{"line":134,"column":2}},"67":{"start":{"line":125,"column":24},"end":{"line":125,"column":49}},"68":{"start":{"line":126,"column":2},"end":{"line":132,"column":null}},"69":{"start":{"line":127,"column":4},"end":{"line":131,"column":7}},"70":{"start":{"line":128,"column":6},"end":{"line":130,"column":null}},"71":{"start":{"line":129,"column":8},"end":{"line":129,"column":43}},"72":{"start":{"line":133,"column":2},"end":{"line":133,"column":23}},"73":{"start":{"line":136,"column":13},"end":{"line":140,"column":2}},"74":{"start":{"line":136,"column":115},"end":{"line":140,"column":2}},"75":{"start":{"line":137,"column":11},"end":{"line":137,"column":22}},"76":{"start":{"line":137,"column":22},"end":{"line":137,"column":44}},"77":{"start":{"line":137,"column":42},"end":{"line":137,"column":44}},"78":{"start":{"line":138,"column":4},"end":{"line":138,"column":47}},"79":{"start":{"line":137,"column":44},"end":{"line":137,"column":null}}},"fnMap":{"0":{"name":"(anonymous_0)","decl":{"start":{"line":13,"column":26},"end":{"line":13,"column":27}},"loc":{"start":{"line":13,"column":51},"end":{"line":16,"column":1}}},"1":{"name":"(anonymous_1)","decl":{"start":{"line":18,"column":28},"end":{"line":18,"column":29}},"loc":{"start":{"line":18,"column":69},"end":{"line":20,"column":1}}},"2":{"name":"(anonymous_2)","decl":{"start":{"line":22,"column":26},"end":{"line":22,"column":27}},"loc":{"start":{"line":22,"column":62},"end":{"line":30,"column":1}}},"3":{"name":"(anonymous_3)","decl":{"start":{"line":29,"column":27},"end":{"line":29,"column":31}},"loc":{"start":{"line":29,"column":31},"end":{"line":29,"column":40}}},"4":{"name":"(anonymous_4)","decl":{"start":{"line":32,"column":29},"end":{"line":32,"column":30}},"loc":{"start":{"line":32,"column":61},"end":{"line":34,"column":1}}},"5":{"name":"(anonymous_5)","decl":{"start":{"line":36,"column":32},"end":{"line":36,"column":33}},"loc":{"start":{"line":36,"column":70},"end":{"line":47,"column":1}}},"6":{"name":"(anonymous_6)","decl":{"start":{"line":49,"column":31},"end":{"line":49,"column":null}},"loc":{"start":{"line":51,"column":19},"end":{"line":59,"column":1}}},"7":{"name":"(anonymous_7)","decl":{"start":{"line":60,"column":31},"end":{"line":60,"column":null}},"loc":{"start":{"line":62,"column":26},"end":{"line":63,"column":9}}},"8":{"name":"(anonymous_8)","decl":{"start":{"line":65,"column":32},"end":{"line":65,"column":33}},"loc":{"start":{"line":65,"column":67},"end":{"line":71,"column":1}}},"9":{"name":"(anonymous_9)","decl":{"start":{"line":73,"column":29},"end":{"line":73,"column":30}},"loc":{"start":{"line":73,"column":95},"end":{"line":77,"column":1}}},"10":{"name":"(anonymous_10)","decl":{"start":{"line":79,"column":34},"end":{"line":79,"column":35}},"loc":{"start":{"line":79,"column":56},"end":{"line":98,"column":1}}},"11":{"name":"(anonymous_11)","decl":{"start":{"line":100,"column":24},"end":{"line":100,"column":25}},"loc":{"start":{"line":100,"column":34},"end":{"line":102,"column":1}}},"12":{"name":"(anonymous_12)","decl":{"start":{"line":104,"column":27},"end":{"line":104,"column":28}},"loc":{"start":{"line":104,"column":51},"end":{"line":118,"column":1}}},"13":{"name":"(anonymous_13)","decl":{"start":{"line":107,"column":24},"end":{"line":107,"column":29}},"loc":{"start":{"line":107,"column":29},"end":{"line":113,"column":3}}},"14":{"name":"(anonymous_14)","decl":{"start":{"line":120,"column":32},"end":{"line":120,"column":null}},"loc":{"start":{"line":123,"column":53},"end":{"line":134,"column":1}}},"15":{"name":"(anonymous_15)","decl":{"start":{"line":127,"column":33},"end":{"line":127,"column":37}},"loc":{"start":{"line":127,"column":37},"end":{"line":131,"column":5}}},"16":{"name":"(anonymous_16)","decl":{"start":{"line":136,"column":28},"end":{"line":136,"column":35}},"loc":{"start":{"line":136,"column":115},"end":{"line":140,"column":2}}},"17":{"name":"(anonymous_17)","decl":{"start":{"line":136,"column":115},"end":{"line":136,"column":null}},"loc":{"start":{"line":136,"column":115},"end":{"line":140,"column":2}}}},"branchMap":{"0":{"loc":{"start":{"line":14,"column":2},"end":{"line":14,"column":57}},"type":"if","locations":[{"start":{"line":14,"column":2},"end":{"line":14,"column":57}},{"start":{"line":14,"column":2},"end":{"line":14,"column":57}}]},"1":{"loc":{"start":{"line":19,"column":9},"end":{"line":19,"column":31}},"type":"binary-expr","locations":[{"start":{"line":19,"column":9},"end":{"line":19,"column":31}},{"start":{"line":19,"column":35},"end":{"line":19,"column":55}}]},"2":{"loc":{"start":{"line":23,"column":2},"end":{"line":25,"column":null}},"type":"if","locations":[{"start":{"line":23,"column":2},"end":{"line":25,"column":null}},{"start":{"line":23,"column":2},"end":{"line":25,"column":null}}]},"3":{"loc":{"start":{"line":23,"column":6},"end":{"line":23,"column":19}},"type":"binary-expr","locations":[{"start":{"line":23,"column":6},"end":{"line":23,"column":19}},{"start":{"line":23,"column":23},"end":{"line":23,"column":43}}]},"4":{"loc":{"start":{"line":26,"column":2},"end":{"line":28,"column":null}},"type":"if","locations":[{"start":{"line":26,"column":2},"end":{"line":28,"column":null}},{"start":{"line":26,"column":2},"end":{"line":28,"column":null}}]},"5":{"loc":{"start":{"line":37,"column":2},"end":{"line":39,"column":null}},"type":"if","locations":[{"start":{"line":37,"column":2},"end":{"line":39,"column":null}},{"start":{"line":37,"column":2},"end":{"line":39,"column":null}}]},"6":{"loc":{"start":{"line":40,"column":2},"end":{"line":42,"column":null}},"type":"if","locations":[{"start":{"line":40,"column":2},"end":{"line":42,"column":null}},{"start":{"line":40,"column":2},"end":{"line":42,"column":null}}]},"7":{"loc":{"start":{"line":43,"column":2},"end":{"line":45,"column":null}},"type":"if","locations":[{"start":{"line":43,"column":2},"end":{"line":45,"column":null}},{"start":{"line":43,"column":2},"end":{"line":45,"column":null}}]},"8":{"loc":{"start":{"line":54,"column":2},"end":{"line":57,"column":null}},"type":"if","locations":[{"start":{"line":54,"column":2},"end":{"line":57,"column":null}},{"start":{"line":54,"column":2},"end":{"line":57,"column":null}}]},"9":{"loc":{"start":{"line":56,"column":49},"end":{"line":56,"column":56}},"type":"cond-expr","locations":[{"start":{"line":56,"column":49},"end":{"line":56,"column":56}},{"start":{"line":56,"column":60},"end":{"line":56,"column":62}}]},"10":{"loc":{"start":{"line":56,"column":49},"end":{"line":56,"column":60}},"type":"binary-expr","locations":[{"start":{"line":56,"column":49},"end":{"line":56,"column":60}},{"start":{"line":56,"column":49},"end":{"line":56,"column":60}}]},"11":{"loc":{"start":{"line":66,"column":2},"end":{"line":66,"column":31}},"type":"if","locations":[{"start":{"line":66,"column":2},"end":{"line":66,"column":31}},{"start":{"line":66,"column":2},"end":{"line":66,"column":31}}]},"12":{"loc":{"start":{"line":67,"column":2},"end":{"line":69,"column":null}},"type":"if","locations":[{"start":{"line":67,"column":2},"end":{"line":69,"column":null}},{"start":{"line":67,"column":2},"end":{"line":69,"column":null}}]},"13":{"loc":{"start":{"line":74,"column":2},"end":{"line":74,"column":27}},"type":"if","locations":[{"start":{"line":74,"column":2},"end":{"line":74,"column":27}},{"start":{"line":74,"column":2},"end":{"line":74,"column":27}}]},"14":{"loc":{"start":{"line":75,"column":2},"end":{"line":75,"column":37}},"type":"if","locations":[{"start":{"line":75,"column":2},"end":{"line":75,"column":37}},{"start":{"line":75,"column":2},"end":{"line":75,"column":37}}]},"15":{"loc":{"start":{"line":80,"column":2},"end":{"line":82,"column":null}},"type":"if","locations":[{"start":{"line":80,"column":2},"end":{"line":82,"column":null}},{"start":{"line":80,"column":2},"end":{"line":82,"column":null}}]},"16":{"loc":{"start":{"line":80,"column":6},"end":{"line":80,"column":10}},"type":"binary-expr","locations":[{"start":{"line":80,"column":6},"end":{"line":80,"column":10}},{"start":{"line":80,"column":14},"end":{"line":80,"column":19}}]},"17":{"loc":{"start":{"line":90,"column":4},"end":{"line":92,"column":null}},"type":"if","locations":[{"start":{"line":90,"column":4},"end":{"line":92,"column":null}},{"start":{"line":90,"column":4},"end":{"line":92,"column":null}}]},"18":{"loc":{"start":{"line":97,"column":2},"end":{"line":97,"column":74}},"type":"if","locations":[{"start":{"line":97,"column":2},"end":{"line":97,"column":74}},{"start":{"line":97,"column":2},"end":{"line":97,"column":74}}]},"19":{"loc":{"start":{"line":101,"column":10},"end":{"line":101,"column":34}},"type":"binary-expr","locations":[{"start":{"line":101,"column":10},"end":{"line":101,"column":34}},{"start":{"line":101,"column":38},"end":{"line":101,"column":58}},{"start":{"line":101,"column":62},"end":{"line":101,"column":75}}]},"20":{"loc":{"start":{"line":108,"column":4},"end":{"line":112,"column":null}},"type":"if","locations":[{"start":{"line":108,"column":4},"end":{"line":112,"column":null}},{"start":{"line":108,"column":4},"end":{"line":112,"column":null}}]},"21":{"loc":{"start":{"line":125,"column":32},"end":{"line":125,"column":45}},"type":"cond-expr","locations":[{"start":{"line":125,"column":32},"end":{"line":125,"column":45}},{"start":{"line":125,"column":47},"end":{"line":125,"column":49}}]},"22":{"loc":{"start":{"line":126,"column":2},"end":{"line":132,"column":null}},"type":"if","locations":[{"start":{"line":126,"column":2},"end":{"line":132,"column":null}},{"start":{"line":126,"column":2},"end":{"line":132,"column":null}}]},"23":{"loc":{"start":{"line":128,"column":6},"end":{"line":130,"column":null}},"type":"if","locations":[{"start":{"line":128,"column":6},"end":{"line":130,"column":null}},{"start":{"line":128,"column":6},"end":{"line":130,"column":null}}]},"24":{"loc":{"start":{"line":137,"column":22},"end":{"line":137,"column":44}},"type":"if","locations":[{"start":{"line":137,"column":22},"end":{"line":137,"column":44}},{"start":{"line":137,"column":22},"end":{"line":137,"column":44}}]}},"s":{"0":4,"1":4,"2":4,"3":6,"4":1,"5":5,"6":4,"7":155,"8":4,"9":25,"10":20,"11":5,"12":1,"13":4,"14":5,"15":4,"16":10,"17":4,"18":33,"19":12,"20":21,"21":6,"22":15,"23":9,"24":6,"25":4,"26":11,"27":11,"28":10,"29":1,"30":4,"31":10,"32":4,"33":26,"34":15,"35":11,"36":9,"37":2,"38":4,"39":30,"40":10,"41":20,"42":0,"43":20,"44":4,"45":10,"46":0,"47":10,"48":10,"49":10,"50":2,"51":2,"52":0,"53":10,"54":10,"55":10,"56":4,"57":8,"58":4,"59":43,"60":43,"61":43,"62":86,"63":16,"64":70,"65":43,"66":4,"67":43,"68":43,"69":8,"70":8,"71":5,"72":43,"73":4,"74":13,"75":13,"76":104,"77":13,"78":182,"79":91},"f":{"0":6,"1":155,"2":25,"3":5,"4":10,"5":33,"6":11,"7":10,"8":26,"9":30,"10":10,"11":8,"12":43,"13":86,"14":43,"15":8,"16":13,"17":13},"b":{"0":[1,5],"1":[155,68],"2":[20,5],"3":[25,5],"4":[1,4],"5":[12,21],"6":[6,15],"7":[9,6],"8":[10,1],"9":[10,0],"10":[10,10],"11":[15,11],"12":[9,2],"13":[10,20],"14":[0,20],"15":[0,10],"16":[10,10],"17":[0,2],"18":[10,0],"19":[8,4,4],"20":[16,70],"21":[42,1],"22":[8,35],"23":[5,3],"24":[13,91]}}
,"C:\\Users\\doron\\myprojects\\check-abilities\\src\\utils\\validateData.ts": {"path":"C:\\Users\\doron\\myprojects\\check-abilities\\src\\utils\\validateData.ts","statementMap":{"0":{"start":{"line":1,"column":0},"end":{"line":1,"column":83}},"1":{"start":{"line":3,"column":0},"end":{"line":3,"column":35}},"2":{"start":{"line":5,"column":31},"end":{"line":32,"column":1}},"3":{"start":{"line":6,"column":2},"end":{"line":31,"column":null}},"4":{"start":{"line":7,"column":4},"end":{"line":7,"column":76}},"5":{"start":{"line":7,"column":53},"end":{"line":7,"column":76}},"6":{"start":{"line":8,"column":19},"end":{"line":8,"column":32}},"7":{"start":{"line":9,"column":17},"end":{"line":9,"column":34}},"8":{"start":{"line":10,"column":4},"end":{"line":27,"column":7}},"9":{"start":{"line":11,"column":24},"end":{"line":11,"column":36}},"10":{"start":{"line":12,"column":6},"end":{"line":14,"column":null}},"11":{"start":{"line":12,"column":30},"end":{"line":12,"column":49}},"12":{"start":{"line":13,"column":8},"end":{"line":13,"column":20}},"13":{"start":{"line":15,"column":20},"end":{"line":15,"column":34}},"14":{"start":{"line":16,"column":6},"end":{"line":25,"column":null}},"15":{"start":{"line":17,"column":8},"end":{"line":23,"column":null}},"16":{"start":{"line":17,"column":34},"end":{"line":17,"column":67}},"17":{"start":{"line":18,"column":28},"end":{"line":18,"column":82}},"18":{"start":{"line":19,"column":10},"end":{"line":21,"column":null}},"19":{"start":{"line":20,"column":11},"end":{"line":20,"column":23}},"20":{"start":{"line":22,"column":10},"end":{"line":22,"column":45}},"21":{"start":{"line":24,"column":8},"end":{"line":24,"column":55}},"22":{"start":{"line":26,"column":6},"end":{"line":26,"column":53}},"23":{"start":{"line":28,"column":4},"end":{"line":28,"column":27}},"24":{"start":{"line":30,"column":4},"end":{"line":30,"column":52}},"25":{"start":{"line":34,"column":31},"end":{"line":46,"column":1}},"26":{"start":{"line":35,"column":2},"end":{"line":45,"column":null}},"27":{"start":{"line":36,"column":4},"end":{"line":36,"column":52}},"28":{"start":{"line":36,"column":29},"end":{"line":36,"column":52}},"29":{"start":{"line":37,"column":4},"end":{"line":41,"column":7}},"30":{"start":{"line":38,"column":6},"end":{"line":40,"column":null}},"31":{"start":{"line":39,"column":8},"end":{"line":39,"column":51}},"32":{"start":{"line":42,"column":4},"end":{"line":42,"column":27}},"33":{"start":{"line":44,"column":4},"end":{"line":44,"column":52}},"34":{"start":{"line":47,"column":13},"end":{"line":57,"column":2}},"35":{"start":{"line":52,"column":24},"end":{"line":52,"column":76}},"36":{"start":{"line":53,"column":8},"end":{"line":53,"column":10}},"37":{"start":{"line":53,"column":10},"end":{"line":53,"column":24}},"38":{"start":{"line":53,"column":26},"end":{"line":53,"column":71}},"39":{"start":{"line":54,"column":28},"end":{"line":54,"column":72}},"40":{"start":{"line":55,"column":2},"end":{"line":55,"column":57}},"41":{"start":{"line":55,"column":32},"end":{"line":55,"column":57}},"42":{"start":{"line":56,"column":2},"end":{"line":56,"column":54}},"43":{"start":{"line":59,"column":13},"end":{"line":85,"column":2}},"44":{"start":{"line":65,"column":18},"end":{"line":65,"column":37}},"45":{"start":{"line":66,"column":2},"end":{"line":84,"column":null}},"46":{"start":{"line":67,"column":4},"end":{"line":69,"column":null}},"47":{"start":{"line":68,"column":6},"end":{"line":68,"column":74}},"48":{"start":{"line":70,"column":4},"end":{"line":81,"column":null}},"49":{"start":{"line":72,"column":7},"end":{"line":77,"column":9}},"50":{"start":{"line":73,"column":28},"end":{"line":73,"column":78}},"51":{"start":{"line":74,"column":8},"end":{"line":76,"column":null}},"52":{"start":{"line":75,"column":10},"end":{"line":75,"column":47}},"53":{"start":{"line":78,"column":6},"end":{"line":78,"column":29}},"54":{"start":{"line":80,"column":6},"end":{"line":80,"column":64}},"55":{"start":{"line":83,"column":4},"end":{"line":83,"column":52}}},"fnMap":{"0":{"name":"(anonymous_0)","decl":{"start":{"line":5,"column":31},"end":{"line":5,"column":32}},"loc":{"start":{"line":5,"column":80},"end":{"line":32,"column":1}}},"1":{"name":"(anonymous_1)","decl":{"start":{"line":10,"column":17},"end":{"line":10,"column":18}},"loc":{"start":{"line":10,"column":21},"end":{"line":27,"column":5}}},"2":{"name":"(anonymous_2)","decl":{"start":{"line":12,"column":22},"end":{"line":12,"column":26}},"loc":{"start":{"line":12,"column":26},"end":{"line":12,"column":34}}},"3":{"name":"(anonymous_3)","decl":{"start":{"line":17,"column":24},"end":{"line":17,"column":25}},"loc":{"start":{"line":17,"column":29},"end":{"line":17,"column":38}}},"4":{"name":"(anonymous_4)","decl":{"start":{"line":34,"column":31},"end":{"line":34,"column":32}},"loc":{"start":{"line":34,"column":62},"end":{"line":46,"column":1}}},"5":{"name":"(anonymous_5)","decl":{"start":{"line":37,"column":19},"end":{"line":37,"column":20}},"loc":{"start":{"line":37,"column":33},"end":{"line":41,"column":5}}},"6":{"name":"(anonymous_6)","decl":{"start":{"line":47,"column":30},"end":{"line":47,"column":null}},"loc":{"start":{"line":50,"column":53},"end":{"line":57,"column":1}}},"7":{"name":"(anonymous_7)","decl":{"start":{"line":59,"column":28},"end":{"line":59,"column":null}},"loc":{"start":{"line":63,"column":24},"end":{"line":85,"column":1}}},"8":{"name":"(anonymous_8)","decl":{"start":{"line":72,"column":29},"end":{"line":72,"column":33}},"loc":{"start":{"line":72,"column":33},"end":{"line":77,"column":7}}}},"branchMap":{"0":{"loc":{"start":{"line":7,"column":4},"end":{"line":7,"column":76}},"type":"if","locations":[{"start":{"line":7,"column":4},"end":{"line":7,"column":76}},{"start":{"line":7,"column":4},"end":{"line":7,"column":76}}]},"1":{"loc":{"start":{"line":7,"column":8},"end":{"line":7,"column":27}},"type":"binary-expr","locations":[{"start":{"line":7,"column":8},"end":{"line":7,"column":27}},{"start":{"line":7,"column":31},"end":{"line":7,"column":51}}]},"2":{"loc":{"start":{"line":8,"column":19},"end":{"line":8,"column":26}},"type":"cond-expr","locations":[{"start":{"line":8,"column":19},"end":{"line":8,"column":26}},{"start":{"line":8,"column":30},"end":{"line":8,"column":32}}]},"3":{"loc":{"start":{"line":8,"column":19},"end":{"line":8,"column":30}},"type":"binary-expr","locations":[{"start":{"line":8,"column":19},"end":{"line":8,"column":30}},{"start":{"line":8,"column":19},"end":{"line":8,"column":30}}]},"4":{"loc":{"start":{"line":12,"column":6},"end":{"line":14,"column":null}},"type":"if","locations":[{"start":{"line":12,"column":6},"end":{"line":14,"column":null}},{"start":{"line":12,"column":6},"end":{"line":14,"column":null}}]},"5":{"loc":{"start":{"line":16,"column":6},"end":{"line":25,"column":null}},"type":"if","locations":[{"start":{"line":16,"column":6},"end":{"line":25,"column":null}},{"start":{"line":16,"column":6},"end":{"line":25,"column":null}}]},"6":{"loc":{"start":{"line":17,"column":8},"end":{"line":23,"column":null}},"type":"if","locations":[{"start":{"line":17,"column":8},"end":{"line":23,"column":null}},{"start":{"line":17,"column":8},"end":{"line":23,"column":null}}]},"7":{"loc":{"start":{"line":19,"column":10},"end":{"line":21,"column":null}},"type":"if","locations":[{"start":{"line":19,"column":10},"end":{"line":21,"column":null}},{"start":{"line":19,"column":10},"end":{"line":21,"column":null}}]},"8":{"loc":{"start":{"line":36,"column":4},"end":{"line":36,"column":52}},"type":"if","locations":[{"start":{"line":36,"column":4},"end":{"line":36,"column":52}},{"start":{"line":36,"column":4},"end":{"line":36,"column":52}}]},"9":{"loc":{"start":{"line":38,"column":6},"end":{"line":40,"column":null}},"type":"if","locations":[{"start":{"line":38,"column":6},"end":{"line":40,"column":null}},{"start":{"line":38,"column":6},"end":{"line":40,"column":null}}]},"10":{"loc":{"start":{"line":55,"column":2},"end":{"line":55,"column":57}},"type":"if","locations":[{"start":{"line":55,"column":2},"end":{"line":55,"column":57}},{"start":{"line":55,"column":2},"end":{"line":55,"column":57}}]},"11":{"loc":{"start":{"line":67,"column":4},"end":{"line":69,"column":null}},"type":"if","locations":[{"start":{"line":67,"column":4},"end":{"line":69,"column":null}},{"start":{"line":67,"column":4},"end":{"line":69,"column":null}}]},"12":{"loc":{"start":{"line":67,"column":8},"end":{"line":67,"column":21}},"type":"binary-expr","locations":[{"start":{"line":67,"column":8},"end":{"line":67,"column":21}},{"start":{"line":67,"column":25},"end":{"line":67,"column":62}}]},"13":{"loc":{"start":{"line":70,"column":4},"end":{"line":81,"column":null}},"type":"if","locations":[{"start":{"line":70,"column":4},"end":{"line":81,"column":null}},{"start":{"line":70,"column":4},"end":{"line":81,"column":null}}]},"14":{"loc":{"start":{"line":74,"column":8},"end":{"line":76,"column":null}},"type":"if","locations":[{"start":{"line":74,"column":8},"end":{"line":76,"column":null}},{"start":{"line":74,"column":8},"end":{"line":76,"column":null}}]}},"s":{"0":2,"1":2,"2":2,"3":20,"4":20,"5":5,"6":15,"7":15,"8":15,"9":34,"10":34,"11":66,"12":26,"13":8,"14":8,"15":4,"16":4,"17":2,"18":2,"19":1,"20":1,"21":2,"22":4,"23":8,"24":7,"25":2,"26":20,"27":20,"28":14,"29":6,"30":6,"31":2,"32":4,"33":2,"34":2,"35":20,"36":20,"37":20,"38":20,"39":20,"40":20,"41":2,"42":18,"43":2,"44":17,"45":17,"46":17,"47":1,"48":16,"49":9,"50":13,"51":13,"52":4,"53":5,"54":7,"55":5},"f":{"0":20,"1":34,"2":66,"3":4,"4":20,"5":6,"6":20,"7":17,"8":13},"b":{"0":[5,15],"1":[20,16],"2":[2,13],"3":[15,15],"4":[26,8],"5":[4,4],"6":[2,2],"7":[1,1],"8":[14,6],"9":[2,4],"10":[2,18],"11":[1,16],"12":[17,2],"13":[9,7],"14":[4,9]}}
,"C:\\Users\\doron\\myprojects\\check-abilities\\src\\utils\\validators.ts": {"path":"C:\\Users\\doron\\myprojects\\check-abilities\\src\\utils\\validators.ts","statementMap":{"0":{"start":{"line":10,"column":32},"end":{"line":10,"column":53}},"1":{"start":{"line":10,"column":46},"end":{"line":10,"column":139}},"2":{"start":{"line":10,"column":113},"end":{"line":10,"column":138}},"3":{"start":{"line":11,"column":13},"end":{"line":16,"column":2}},"4":{"start":{"line":12,"column":2},"end":{"line":14,"column":null}},"5":{"start":{"line":13,"column":4},"end":{"line":13,"column":90}},"6":{"start":{"line":15,"column":2},"end":{"line":15,"column":14}},"7":{"start":{"line":18,"column":13},"end":{"line":23,"column":2}},"8":{"start":{"line":19,"column":2},"end":{"line":21,"column":null}},"9":{"start":{"line":20,"column":4},"end":{"line":20,"column":91}},"10":{"start":{"line":22,"column":2},"end":{"line":22,"column":14}},"11":{"start":{"line":25,"column":13},"end":{"line":30,"column":2}},"12":{"start":{"line":26,"column":2},"end":{"line":28,"column":null}},"13":{"start":{"line":27,"column":4},"end":{"line":27,"column":71}},"14":{"start":{"line":29,"column":2},"end":{"line":29,"column":14}},"15":{"start":{"line":32,"column":13},"end":{"line":38,"column":2}},"16":{"start":{"line":34,"column":2},"end":{"line":36,"column":null}},"17":{"start":{"line":35,"column":4},"end":{"line":35,"column":83}},"18":{"start":{"line":37,"column":2},"end":{"line":37,"column":14}},"19":{"start":{"line":40,"column":13},"end":{"line":45,"column":2}},"20":{"start":{"line":41,"column":2},"end":{"line":43,"column":null}},"21":{"start":{"line":42,"column":4},"end":{"line":42,"column":82}},"22":{"start":{"line":44,"column":2},"end":{"line":44,"column":14}},"23":{"start":{"line":47,"column":13},"end":{"line":57,"column":2}},"24":{"start":{"line":48,"column":2},"end":{"line":55,"column":null}},"25":{"start":{"line":54,"column":4},"end":{"line":54,"column":78}},"26":{"start":{"line":56,"column":2},"end":{"line":56,"column":14}},"27":{"start":{"line":59,"column":13},"end":{"line":65,"column":2}},"28":{"start":{"line":61,"column":2},"end":{"line":63,"column":null}},"29":{"start":{"line":62,"column":4},"end":{"line":62,"column":86}},"30":{"start":{"line":64,"column":2},"end":{"line":64,"column":14}}},"fnMap":{"0":{"name":"(anonymous_0)","decl":{"start":{"line":10,"column":32},"end":{"line":10,"column":33}},"loc":{"start":{"line":10,"column":41},"end":{"line":10,"column":53}}},"1":{"name":"(anonymous_1)","decl":{"start":{"line":10,"column":105},"end":{"line":10,"column":109}},"loc":{"start":{"line":10,"column":109},"end":{"line":10,"column":120}}},"2":{"name":"(anonymous_2)","decl":{"start":{"line":11,"column":31},"end":{"line":11,"column":32}},"loc":{"start":{"line":11,"column":48},"end":{"line":16,"column":1}}},"3":{"name":"(anonymous_3)","decl":{"start":{"line":18,"column":31},"end":{"line":18,"column":32}},"loc":{"start":{"line":18,"column":50},"end":{"line":23,"column":1}}},"4":{"name":"(anonymous_4)","decl":{"start":{"line":25,"column":29},"end":{"line":25,"column":30}},"loc":{"start":{"line":25,"column":51},"end":{"line":30,"column":1}}},"5":{"name":"(anonymous_5)","decl":{"start":{"line":32,"column":34},"end":{"line":32,"column":35}},"loc":{"start":{"line":32,"column":62},"end":{"line":38,"column":1}}},"6":{"name":"(anonymous_6)","decl":{"start":{"line":40,"column":30},"end":{"line":40,"column":31}},"loc":{"start":{"line":40,"column":54},"end":{"line":45,"column":1}}},"7":{"name":"(anonymous_7)","decl":{"start":{"line":47,"column":28},"end":{"line":47,"column":29}},"loc":{"start":{"line":47,"column":46},"end":{"line":57,"column":1}}},"8":{"name":"(anonymous_8)","decl":{"start":{"line":59,"column":28},"end":{"line":59,"column":29}},"loc":{"start":{"line":59,"column":39},"end":{"line":65,"column":1}}}},"branchMap":{"0":{"loc":{"start":{"line":10,"column":46},"end":{"line":10,"column":69}},"type":"binary-expr","locations":[{"start":{"line":10,"column":46},"end":{"line":10,"column":69}},{"start":{"line":10,"column":73},"end":{"line":10,"column":91}},{"start":{"line":10,"column":95},"end":{"line":10,"column":138}}]},"1":{"loc":{"start":{"line":12,"column":2},"end":{"line":14,"column":null}},"type":"if","locations":[{"start":{"line":12,"column":2},"end":{"line":14,"column":null}},{"start":{"line":12,"column":2},"end":{"line":14,"column":null}}]},"2":{"loc":{"start":{"line":19,"column":2},"end":{"line":21,"column":null}},"type":"if","locations":[{"start":{"line":19,"column":2},"end":{"line":21,"column":null}},{"start":{"line":19,"column":2},"end":{"line":21,"column":null}}]},"3":{"loc":{"start":{"line":26,"column":2},"end":{"line":28,"column":null}},"type":"if","locations":[{"start":{"line":26,"column":2},"end":{"line":28,"column":null}},{"start":{"line":26,"column":2},"end":{"line":28,"column":null}}]},"4":{"loc":{"start":{"line":34,"column":2},"end":{"line":36,"column":null}},"type":"if","locations":[{"start":{"line":34,"column":2},"end":{"line":36,"column":null}},{"start":{"line":34,"column":2},"end":{"line":36,"column":null}}]},"5":{"loc":{"start":{"line":34,"column":6},"end":{"line":34,"column":36}},"type":"binary-expr","locations":[{"start":{"line":34,"column":6},"end":{"line":34,"column":36}},{"start":{"line":34,"column":40},"end":{"line":34,"column":70}}]},"6":{"loc":{"start":{"line":41,"column":2},"end":{"line":43,"column":null}},"type":"if","locations":[{"start":{"line":41,"column":2},"end":{"line":43,"column":null}},{"start":{"line":41,"column":2},"end":{"line":43,"column":null}}]},"7":{"loc":{"start":{"line":48,"column":2},"end":{"line":55,"column":null}},"type":"if","locations":[{"start":{"line":48,"column":2},"end":{"line":55,"column":null}},{"start":{"line":48,"column":2},"end":{"line":55,"column":null}}]},"8":{"loc":{"start":{"line":49,"column":4},"end":{"line":49,"column":8}},"type":"binary-expr","locations":[{"start":{"line":49,"column":4},"end":{"line":49,"column":8}},{"start":{"line":50,"column":4},"end":{"line":50,"column":29}},{"start":{"line":52,"column":4},"end":{"line":52,"column":28}}]},"9":{"loc":{"start":{"line":61,"column":2},"end":{"line":63,"column":null}},"type":"if","locations":[{"start":{"line":61,"column":2},"end":{"line":63,"column":null}},{"start":{"line":61,"column":2},"end":{"line":63,"column":null}}]},"10":{"loc":{"start":{"line":61,"column":6},"end":{"line":61,"column":10}},"type":"binary-expr","locations":[{"start":{"line":61,"column":6},"end":{"line":61,"column":10}},{"start":{"line":61,"column":14},"end":{"line":61,"column":40}}]}},"s":{"0":2,"1":32,"2":10,"3":2,"4":10,"5":1,"6":9,"7":2,"8":10,"9":1,"10":9,"11":2,"12":4,"13":1,"14":3,"15":2,"16":5,"17":1,"18":4,"19":2,"20":8,"21":1,"22":7,"23":2,"24":8,"25":1,"26":7,"27":2,"28":4,"29":1,"30":3},"f":{"0":32,"1":10,"2":10,"3":10,"4":4,"5":5,"6":8,"7":8,"8":4},"b":{"0":[32,13,9],"1":[1,9],"2":[1,9],"3":[1,3],"4":[1,4],"5":[5,4],"6":[1,7],"7":[1,7],"8":[8,7,3],"9":[1,3],"10":[4,4]}}
}
