TN:
SF:C:\Users\doron\myprojects\check-abilities\src\Abilities.ts
FN:6,(anonymous_0)
FN:9,Abilities
FN:15,(anonymous_2)
FN:29,(anonymous_3)
FN:49,(anonymous_6)
FN:55,(anonymous_9)
FN:55,(anonymous_10)
FNF:7
FNH:7
FNDA:1,(anonymous_0)
FNDA:2,Abilities
FNDA:1,(anonymous_2)
FNDA:12,(anonymous_3)
FNDA:2,(anonymous_6)
FNDA:14,(anonymous_9)
FNDA:14,(anonymous_10)
DA:1,1
DA:2,1
DA:6,1
DA:11,2
DA:12,2
DA:15,1
DA:16,1
DA:29,1
DA:34,12
DA:35,12
DA:36,1
DA:38,11
DA:49,1
DA:54,2
DA:55,14
DA:56,20
DA:58,2
DA:60,1
LF:18
LH:18
BRDA:34,0,0,12
BRDA:35,1,0,1
BRDA:35,1,1,11
BRDA:35,2,0,12
BRDA:35,2,1,4
BRDA:56,3,0,6
BRDA:56,3,1,8
BRF:7
BRH:7
end_of_record
TN:
SF:C:\Users\doron\myprojects\check-abilities\src\AbilitiesResponse.ts
FN:15,(anonymous_0)
FN:34,AbilitiesResponse
FN:41,(anonymous_2)
FN:61,(anonymous_3)
FN:67,(anonymous_4)
FN:74,(anonymous_5)
FN:82,(anonymous_6)
FN:85,(anonymous_7)
FN:88,(anonymous_8)
FN:92,(anonymous_9)
FN:97,(anonymous_10)
FN:101,(anonymous_11)
FN:108,(anonymous_12)
FN:112,(anonymous_13)
FN:117,(anonymous_14)
FN:121,(anonymous_15)
FN:130,(anonymous_16)
FN:156,(anonymous_17)
FNF:18
FNH:13
FNDA:1,(anonymous_0)
FNDA:12,AbilitiesResponse
FNDA:5,(anonymous_2)
FNDA:0,(anonymous_3)
FNDA:0,(anonymous_4)
FNDA:4,(anonymous_5)
FNDA:12,(anonymous_6)
FNDA:25,(anonymous_7)
FNDA:0,(anonymous_8)
FNDA:8,(anonymous_9)
FNDA:2,(anonymous_10)
FNDA:0,(anonymous_11)
FNDA:8,(anonymous_12)
FNDA:11,(anonymous_13)
FNDA:0,(anonymous_14)
FNDA:4,(anonymous_15)
FNDA:19,(anonymous_16)
FNDA:12,(anonymous_17)
DA:10,1
DA:11,1
DA:12,1
DA:15,1
DA:34,12
DA:35,12
DA:36,12
DA:37,12
DA:38,12
DA:39,12
DA:40,12
DA:41,12
DA:42,5
DA:43,5
DA:44,0
DA:46,5
DA:47,5
DA:49,0
DA:50,0
DA:51,0
DA:53,0
DA:56,12
DA:57,12
DA:62,0
DA:63,0
DA:64,0
DA:66,0
DA:67,0
DA:68,0
DA:71,0
DA:74,12
DA:75,4
DA:76,0
DA:78,4
DA:82,1
DA:83,12
DA:85,1
DA:86,25
DA:88,1
DA:89,0
DA:92,1
DA:93,8
DA:94,8
DA:95,8
DA:97,1
DA:98,2
DA:99,2
DA:101,1
DA:102,0
DA:103,0
DA:104,0
DA:105,0
DA:108,1
DA:109,8
DA:110,8
DA:112,1
DA:113,11
DA:114,11
DA:117,1
DA:118,0
DA:119,0
DA:121,1
DA:122,4
DA:123,4
DA:124,4
DA:125,4
DA:126,4
DA:127,4
DA:130,1
DA:131,19
DA:132,19
DA:133,19
DA:134,19
DA:136,19
DA:137,19
DA:138,8
DA:140,19
DA:141,1
DA:146,18
DA:147,7
DA:151,11
DA:152,11
DA:156,1
DA:157,12
DA:170,1
LF:85
LH:65
BRDA:42,0,0,5
BRDA:42,0,1,0
BRDA:43,1,0,0
BRDA:43,1,1,5
BRDA:46,2,0,2
BRDA:46,2,1,3
BRDA:50,3,0,0
BRDA:50,3,1,0
BRDA:63,4,0,0
BRDA:63,4,1,0
BRDA:66,5,0,0
BRDA:66,5,1,0
BRDA:75,6,0,0
BRDA:75,6,1,4
BRDA:93,7,0,8
BRDA:93,7,1,0
BRDA:98,8,0,2
BRDA:98,8,1,0
BRDA:103,9,0,0
BRDA:103,9,1,0
BRDA:109,10,0,8
BRDA:109,10,1,0
BRDA:113,11,0,9
BRDA:113,11,1,2
BRDA:136,12,0,8
BRDA:136,12,1,11
BRDA:137,13,0,8
BRDA:137,13,1,11
BRDA:140,14,0,1
BRDA:140,14,1,18
BRDA:140,15,0,19
BRDA:140,15,1,12
BRDA:146,16,0,7
BRDA:146,16,1,11
BRDA:146,17,0,18
BRDA:146,17,1,7
BRDA:151,18,0,11
BRDA:151,18,1,0
BRDA:151,19,0,11
BRDA:151,19,1,11
BRF:40
BRH:25
end_of_record
TN:
SF:C:\Users\doron\myprojects\check-abilities\src\Allow.ts
FN:31,(anonymous_0)
FN:101,(anonymous_2)
FN:104,(anonymous_3)
FN:44,(anonymous_5)
FN:50,(anonymous_6)
FN:56,(anonymous_7)
FN:62,(anonymous_8)
FN:69,(anonymous_9)
FN:73,(anonymous_10)
FN:80,(anonymous_11)
FN:84,(anonymous_12)
FN:90,(anonymous_13)
FN:96,(anonymous_14)
FN:117,(anonymous_15)
FN:120,(anonymous_16)
FN:123,(anonymous_17)
FNF:16
FNH:16
FNDA:12,(anonymous_0)
FNDA:87,(anonymous_2)
FNDA:87,(anonymous_3)
FNDA:8,(anonymous_5)
FNDA:8,(anonymous_6)
FNDA:1,(anonymous_7)
FNDA:2,(anonymous_8)
FNDA:40,(anonymous_9)
FNDA:5,(anonymous_10)
FNDA:40,(anonymous_11)
FNDA:4,(anonymous_12)
FNDA:1,(anonymous_13)
FNDA:1,(anonymous_14)
FNDA:19,(anonymous_15)
FNDA:21,(anonymous_16)
FNDA:19,(anonymous_17)
DA:1,1
DA:8,1
DA:29,1
DA:30,1
DA:31,12
DA:41,11
DA:42,11
DA:44,1
DA:45,8
DA:46,8
DA:47,8
DA:50,1
DA:51,8
DA:52,8
DA:53,8
DA:56,1
DA:57,1
DA:58,1
DA:59,1
DA:62,1
DA:63,2
DA:64,2
DA:65,2
DA:66,2
DA:69,1
DA:70,40
DA:73,1
DA:74,5
DA:75,5
DA:76,5
DA:77,5
DA:80,1
DA:81,40
DA:84,1
DA:85,4
DA:86,4
DA:87,4
DA:90,1
DA:91,1
DA:92,1
DA:93,1
DA:96,1
DA:97,1
DA:98,1
DA:101,11
DA:104,87
DA:106,87
DA:107,87
DA:108,87
DA:109,130
DA:111,77
DA:117,1
DA:118,19
DA:120,1
DA:121,21
DA:123,1
DA:124,19
DA:126,1
LF:58
LH:58
BRDA:108,0,0,87
BRDA:106,1,0,48
BRDA:106,1,1,39
BRDA:107,2,0,48
BRDA:107,2,1,39
BRDA:109,3,0,87
BRDA:109,3,1,67
BRDA:109,4,0,87
BRDA:109,4,1,2
BRDA:110,5,0,67
BRDA:110,5,1,2
BRDA:109,6,0,43
BRDA:109,6,1,44
BRDA:111,7,0,33
BRDA:111,7,1,11
BRDA:109,8,0,87
BRDA:109,8,1,35
BRDA:109,8,2,25
BRF:18
BRH:18
end_of_record
TN:
SF:C:\Users\doron\myprojects\check-abilities\src\declarations.d.ts
FNF:0
FNH:0
LF:0
LH:0
BRF:0
BRH:0
end_of_record
TN:
SF:C:\Users\doron\myprojects\check-abilities\src\index.ts
FNF:0
FNH:0
DA:1,1
DA:2,1
LF:2
LH:2
BRF:0
BRH:0
end_of_record
TN:
SF:C:\Users\doron\myprojects\check-abilities\src\utils\checkAbilities.ts
FN:10,(anonymous_0)
FN:10,(anonymous_1)
FN:23,(anonymous_3)
FN:23,(anonymous_4)
FNF:4
FNH:4
FNDA:12,(anonymous_0)
FNDA:12,(anonymous_1)
FNDA:84,(anonymous_3)
FNDA:84,(anonymous_4)
DA:5,1
DA:6,1
DA:10,12
DA:11,12
DA:13,12
DA:14,12
DA:23,84
DA:25,84
DA:26,84
DA:29,76
DA:32,21
DA:34,21
DA:36,21
DA:39,21
DA:40,21
DA:41,21
DA:42,21
DA:43,21
DA:49,12
DA:50,12
DA:51,10
DA:53,2
DA:57,12
DA:60,1
LF:24
LH:24
BRDA:25,0,0,84
BRDA:25,0,1,8
BRDA:26,1,0,8
BRDA:26,1,1,76
BRDA:29,2,0,55
BRDA:29,2,1,21
BRDA:36,3,0,2
BRDA:36,3,1,19
BRDA:41,4,0,21
BRDA:41,4,1,21
BRDA:41,4,2,13
BRDA:42,5,0,21
BRDA:42,5,1,18
BRDA:43,6,0,19
BRDA:43,6,1,2
BRDA:50,7,0,10
BRDA:50,7,1,2
BRDA:51,8,0,2
BRDA:51,8,1,8
BRF:19
BRH:19
end_of_record
TN:
SF:C:\Users\doron\myprojects\check-abilities\src\utils\filterData.ts
FN:5,(anonymous_0)
FN:16,(anonymous_1)
FN:20,(anonymous_2)
FN:27,(anonymous_3)
FNF:4
FNH:4
FNDA:23,(anonymous_0)
FNDA:10,(anonymous_1)
FNDA:12,(anonymous_2)
FNDA:22,(anonymous_3)
DA:1,2
DA:3,2
DA:5,2
DA:10,23
DA:11,23
DA:13,23
DA:16,23
DA:17,23
DA:20,2
DA:24,12
DA:25,12
DA:27,11
DA:28,22
DA:31,1
LF:14
LH:14
BRDA:14,0,0,5
BRDA:14,0,1,18
BRDA:13,1,0,23
BRDA:13,1,1,19
BRDA:25,2,0,11
BRDA:25,2,1,1
BRF:6
BRH:6
end_of_record
TN:
SF:C:\Users\doron\myprojects\check-abilities\src\utils\tinytim.ts
FN:9,default_1
FN:15,(anonymous_1)
FNF:2
FNH:2
FNDA:11,default_1
FNDA:13,(anonymous_1)
DA:4,5
DA:5,5
DA:6,5
DA:7,5
DA:9,5
DA:11,11
DA:12,22
DA:15,11
DA:16,13
DA:17,13
DA:18,13
DA:19,13
DA:21,13
DA:23,24
DA:26,24
DA:27,3
DA:31,21
DA:32,10
LF:18
LH:18
BRDA:11,0,0,0
BRDA:11,0,1,11
BRDA:12,1,0,11
BRDA:12,1,1,0
BRDA:26,2,0,3
BRDA:26,2,1,21
BRDA:31,3,0,10
BRDA:31,3,1,11
BRF:8
BRH:6
end_of_record
TN:
SF:C:\Users\doron\myprojects\check-abilities\src\utils\utils.ts
FN:14,(anonymous_0)
FN:19,(anonymous_1)
FN:23,(anonymous_2)
FN:30,(anonymous_3)
FN:33,(anonymous_4)
FN:37,(anonymous_5)
FN:50,(anonymous_6)
FN:61,(anonymous_7)
FN:66,(anonymous_8)
FN:74,(anonymous_9)
FN:80,(anonymous_10)
FN:101,(anonymous_11)
FN:105,(anonymous_12)
FN:108,(anonymous_13)
FN:121,(anonymous_14)
FN:128,(anonymous_15)
FN:137,(anonymous_16)
FN:137,(anonymous_17)
FN:143,(anonymous_19)
FN:148,(anonymous_20)
FNF:20
FNH:20
FNDA:6,(anonymous_0)
FNDA:154,(anonymous_1)
FNDA:28,(anonymous_2)
FNDA:5,(anonymous_3)
FNDA:10,(anonymous_4)
FNDA:35,(anonymous_5)
FNDA:11,(anonymous_6)
FNDA:10,(anonymous_7)
FNDA:7,(anonymous_8)
FNDA:5,(anonymous_9)
FNDA:10,(anonymous_10)
FNDA:10,(anonymous_11)
FNDA:44,(anonymous_12)
FNDA:87,(anonymous_13)
FNDA:44,(anonymous_14)
FNDA:8,(anonymous_15)
FNDA:14,(anonymous_16)
FNDA:14,(anonymous_17)
FNDA:5,(anonymous_19)
FNDA:20,(anonymous_20)
DA:11,4
DA:12,4
DA:14,4
DA:15,6
DA:16,5
DA:19,4
DA:20,154
DA:23,4
DA:24,28
DA:25,23
DA:27,5
DA:28,1
DA:30,5
DA:33,4
DA:34,10
DA:37,4
DA:38,35
DA:39,15
DA:41,20
DA:42,7
DA:44,13
DA:45,9
DA:47,4
DA:50,4
DA:54,11
DA:55,11
DA:57,10
DA:59,1
DA:61,4
DA:64,10
DA:66,4
DA:67,7
DA:68,5
DA:69,3
DA:71,2
DA:74,4
DA:75,5
DA:76,5
DA:77,5
DA:80,4
DA:81,10
DA:82,0
DA:84,10
DA:86,10
DA:88,2
DA:91,2
DA:92,0
DA:96,10
DA:98,10
DA:101,4
DA:102,10
DA:105,4
DA:106,44
DA:107,44
DA:108,44
DA:109,87
DA:110,16
DA:112,71
DA:115,44
DA:121,4
DA:126,44
DA:127,44
DA:128,8
DA:129,8
DA:130,5
DA:134,44
DA:137,14
DA:138,112
DA:139,196
DA:143,4
DA:146,5
DA:148,4
DA:149,20
LF:73
LH:71
BRDA:15,0,0,1
BRDA:15,0,1,5
BRDA:20,1,0,154
BRDA:20,1,1,73
BRDA:24,2,0,23
BRDA:24,2,1,5
BRDA:24,3,0,28
BRDA:24,3,1,5
BRDA:27,4,0,1
BRDA:27,4,1,4
BRDA:38,5,0,15
BRDA:38,5,1,20
BRDA:41,6,0,7
BRDA:41,6,1,13
BRDA:44,7,0,9
BRDA:44,7,1,4
BRDA:55,8,0,10
BRDA:55,8,1,1
BRDA:57,9,0,10
BRDA:57,9,1,0
BRDA:57,10,0,10
BRDA:57,10,1,10
BRDA:67,11,0,2
BRDA:67,11,1,5
BRDA:68,12,0,3
BRDA:68,12,1,2
BRDA:75,13,0,0
BRDA:75,13,1,5
BRDA:76,14,0,0
BRDA:76,14,1,5
BRDA:81,15,0,0
BRDA:81,15,1,10
BRDA:81,16,0,10
BRDA:81,16,1,10
BRDA:91,17,0,0
BRDA:91,17,1,2
BRDA:98,18,0,10
BRDA:98,18,1,0
BRDA:102,19,0,10
BRDA:102,19,1,5
BRDA:102,19,2,5
BRDA:109,20,0,16
BRDA:109,20,1,71
BRDA:126,21,0,43
BRDA:126,21,1,1
BRDA:127,22,0,8
BRDA:127,22,1,36
BRDA:129,23,0,5
BRDA:129,23,1,3
BRDA:138,24,0,14
BRDA:138,24,1,98
BRDA:150,25,0,13
BRDA:150,25,1,7
BRDA:150,26,0,20
BRDA:150,26,1,20
BRDA:150,27,0,5
BRDA:150,27,1,15
BRDA:150,28,0,20
BRDA:150,28,1,20
BRDA:152,29,0,14
BRDA:152,29,1,6
BRDA:152,30,0,20
BRDA:152,30,1,20
BRDA:152,31,0,13
BRDA:152,31,1,7
BRDA:152,32,0,20
BRDA:152,32,1,20
BRDA:152,33,0,6
BRDA:152,33,1,14
BRDA:152,34,0,20
BRDA:152,34,1,20
BRDA:154,35,0,13
BRDA:154,35,1,7
BRDA:154,36,0,20
BRDA:154,36,1,20
BRDA:154,37,0,6
BRDA:154,37,1,14
BRDA:154,38,0,20
BRDA:154,38,1,20
BRDA:155,39,0,13
BRDA:155,39,1,7
BRDA:155,40,0,20
BRDA:155,40,1,20
BRDA:155,41,0,5
BRDA:155,41,1,15
BRDA:155,42,0,20
BRDA:155,42,1,20
BRF:87
BRH:81
end_of_record
TN:
SF:C:\Users\doron\myprojects\check-abilities\src\utils\validateData.ts
FN:5,(anonymous_0)
FN:10,(anonymous_1)
FN:12,(anonymous_2)
FN:17,(anonymous_3)
FN:34,(anonymous_4)
FN:37,(anonymous_5)
FN:47,(anonymous_6)
FN:59,(anonymous_7)
FN:74,(anonymous_8)
FNF:9
FNH:9
FNDA:22,(anonymous_0)
FNDA:37,(anonymous_1)
FNDA:69,(anonymous_2)
FNDA:5,(anonymous_3)
FNDA:21,(anonymous_4)
FNDA:6,(anonymous_5)
FNDA:21,(anonymous_6)
FNDA:18,(anonymous_7)
FNDA:13,(anonymous_8)
DA:1,2
DA:3,2
DA:5,2
DA:6,22
DA:7,22
DA:8,17
DA:9,17
DA:10,17
DA:11,37
DA:12,69
DA:13,27
DA:15,10
DA:16,10
DA:17,5
DA:18,3
DA:19,3
DA:20,1
DA:22,2
DA:24,2
DA:26,5
DA:28,8
DA:30,9
DA:34,2
DA:35,21
DA:36,21
DA:37,6
DA:38,6
DA:39,2
DA:42,4
DA:44,2
DA:47,2
DA:52,21
DA:53,21
DA:54,21
DA:55,21
DA:56,19
DA:59,2
DA:63,30
DA:66,18
DA:67,18
DA:68,18
DA:69,18
DA:70,1
DA:72,17
DA:74,9
DA:75,13
DA:76,13
DA:77,4
DA:80,5
DA:82,8
DA:83,8
DA:84,1
DA:86,7
DA:89,6
DA:90,1
DA:92,5
LF:56
LH:56
BRDA:7,0,0,5
BRDA:7,0,1,17
BRDA:7,1,0,22
BRDA:7,1,1,18
BRDA:8,2,0,3
BRDA:8,2,1,14
BRDA:8,3,0,17
BRDA:8,3,1,17
BRDA:12,4,0,27
BRDA:12,4,1,10
BRDA:16,5,0,5
BRDA:16,5,1,5
BRDA:17,6,0,3
BRDA:17,6,1,2
BRDA:19,7,0,1
BRDA:19,7,1,2
BRDA:36,8,0,15
BRDA:36,8,1,6
BRDA:38,9,0,2
BRDA:38,9,1,4
BRDA:55,10,0,2
BRDA:55,10,1,19
BRDA:63,11,0,12
BRDA:63,11,1,6
BRDA:69,12,0,1
BRDA:69,12,1,17
BRDA:69,13,0,18
BRDA:69,13,1,2
BRDA:72,14,0,9
BRDA:72,14,1,8
BRDA:76,15,0,4
BRDA:76,15,1,9
BRDA:83,16,0,1
BRDA:83,16,1,7
BRDA:83,17,0,8
BRDA:83,17,1,5
BRDA:89,18,0,1
BRDA:89,18,1,5
BRF:38
BRH:38
end_of_record
TN:
SF:C:\Users\doron\myprojects\check-abilities\src\utils\validators.ts
FN:10,(anonymous_0)
FN:10,(anonymous_1)
FN:11,(anonymous_2)
FN:18,(anonymous_3)
FN:25,(anonymous_4)
FN:32,(anonymous_5)
FN:40,(anonymous_6)
FN:47,(anonymous_7)
FN:59,(anonymous_8)
FNF:9
FNH:9
FNDA:34,(anonymous_0)
FNDA:10,(anonymous_1)
FNDA:11,(anonymous_2)
FNDA:11,(anonymous_3)
FNDA:4,(anonymous_4)
FNDA:5,(anonymous_5)
FNDA:8,(anonymous_6)
FNDA:8,(anonymous_7)
FNDA:4,(anonymous_8)
DA:10,34
DA:11,2
DA:12,11
DA:13,1
DA:15,10
DA:18,2
DA:19,11
DA:20,1
DA:22,10
DA:25,2
DA:26,4
DA:27,1
DA:29,3
DA:32,2
DA:34,5
DA:35,1
DA:37,4
DA:40,2
DA:41,8
DA:42,1
DA:44,7
DA:47,2
DA:48,8
DA:54,1
DA:56,7
DA:59,2
DA:61,4
DA:62,1
DA:64,3
LF:29
LH:29
BRDA:10,0,0,34
BRDA:10,0,1,13
BRDA:10,0,2,9
BRDA:12,1,0,1
BRDA:12,1,1,10
BRDA:19,2,0,1
BRDA:19,2,1,10
BRDA:26,3,0,1
BRDA:26,3,1,3
BRDA:34,4,0,1
BRDA:34,4,1,4
BRDA:34,5,0,5
BRDA:34,5,1,4
BRDA:41,6,0,1
BRDA:41,6,1,7
BRDA:48,7,0,1
BRDA:48,7,1,7
BRDA:49,8,0,8
BRDA:49,8,1,7
BRDA:49,8,2,3
BRDA:61,9,0,1
BRDA:61,9,1,3
BRDA:61,10,0,4
BRDA:61,10,1,4
BRF:24
BRH:24
end_of_record
