TN:
SF:C:\Users\doron\myprojects\check-abilities\src\Abilities.ts
FN:5,(anonymous_0)
FN:7,Abilities
FN:9,(anonymous_2)
FN:12,(anonymous_3)
FN:26,(anonymous_4)
FN:34,(anonymous_5)
FN:39,(anonymous_6)
FNF:7
FNH:5
FNDA:1,(anonymous_0)
FNDA:1,Abilities
FNDA:7,(anonymous_2)
FNDA:1,(anonymous_3)
FNDA:9,(anonymous_4)
FNDA:0,(anonymous_5)
FNDA:0,(anonymous_6)
DA:1,1
DA:2,1
DA:5,1
DA:9,7
DA:12,1
DA:13,1
DA:26,1
DA:31,9
DA:34,1
DA:39,0
DA:41,1
LF:11
LH:10
BRF:0
BRH:0
end_of_record
TN:
SF:C:\Users\doron\myprojects\check-abilities\src\allow.ts
FN:23,(anonymous_0)
FN:34,(anonymous_2)
FN:39,(anonymous_3)
FN:44,(anonymous_4)
FN:50,(anonymous_5)
FN:55,(anonymous_6)
FN:60,(anonymous_7)
FN:65,(anonymous_8)
FN:70,(anonymous_9)
FN:75,(anonymous_10)
FN:89,(anonymous_11)
FNF:11
FNH:9
FNDA:9,(anonymous_0)
FNDA:7,(anonymous_2)
FNDA:7,(anonymous_3)
FNDA:1,(anonymous_4)
FNDA:2,(anonymous_5)
FNDA:5,(anonymous_6)
FNDA:4,(anonymous_7)
FNDA:0,(anonymous_8)
FNDA:0,(anonymous_9)
FNDA:7,(anonymous_10)
FNDA:8,(anonymous_11)
DA:1,1
DA:23,1
DA:34,1
DA:35,7
DA:36,7
DA:37,7
DA:39,1
DA:40,7
DA:41,7
DA:42,7
DA:44,1
DA:45,1
DA:46,1
DA:47,1
DA:48,1
DA:50,1
DA:51,2
DA:52,2
DA:53,2
DA:55,1
DA:56,5
DA:57,5
DA:58,5
DA:60,1
DA:61,4
DA:62,4
DA:63,4
DA:65,1
DA:66,0
DA:67,0
DA:68,0
DA:70,1
DA:71,0
DA:72,0
DA:75,1
DA:76,7
DA:87,1
DA:89,8
DA:90,1
LF:39
LH:34
BRF:0
BRH:0
end_of_record
TN:
SF:C:\Users\doron\myprojects\check-abilities\src\declarations.d.ts
FNF:0
FNH:0
LF:0
LH:0
BRF:0
BRH:0
end_of_record
TN:
SF:C:\Users\doron\myprojects\check-abilities\src\index.ts
FNF:0
FNH:0
DA:1,1
DA:2,1
LF:2
LH:2
BRF:0
BRH:0
end_of_record
TN:
SF:C:\Users\doron\myprojects\check-abilities\src\messages.ts
FN:10,(anonymous_0)
FN:38,(anonymous_1)
FNF:2
FNH:2
FNDA:17,(anonymous_0)
FNDA:2,(anonymous_1)
DA:1,2
DA:10,2
DA:15,17
DA:17,9
DA:19,1
DA:21,2
DA:25,3
DA:27,1
DA:29,1
DA:38,2
DA:42,2
DA:43,1
DA:44,1
DA:46,1
LF:14
LH:14
BRDA:16,0,0,9
BRDA:16,0,1,1
BRDA:16,0,2,2
BRDA:16,0,3,1
BRDA:16,0,4,2
BRDA:16,0,5,3
BRDA:16,0,6,1
BRDA:16,0,7,1
BRDA:42,1,0,1
BRDA:42,1,1,1
BRF:10
BRH:10
end_of_record
TN:
SF:C:\Users\doron\myprojects\check-abilities\src\utils\can.ts
FN:8,(anonymous_0)
FNF:1
FNH:1
FNDA:63,(anonymous_0)
DA:6,1
DA:8,1
DA:14,63
DA:15,63
DA:16,63
LF:5
LH:5
BRDA:14,0,0,42
BRDA:14,0,1,21
BRDA:15,1,0,42
BRDA:15,1,1,21
BRDA:17,2,0,63
BRDA:17,2,1,53
BRDA:17,2,2,30
BRDA:17,2,3,0
BRDA:17,2,4,30
BRDA:17,2,5,21
BRF:10
BRH:9
end_of_record
TN:
SF:C:\Users\doron\myprojects\check-abilities\src\utils\checkAbilities.response.ts
FN:13,(anonymous_0)
FN:22,(anonymous_1)
FN:32,(anonymous_2)
FN:40,(anonymous_3)
FN:50,(anonymous_4)
FN:61,(anonymous_5)
FN:69,(anonymous_6)
FN:106,(anonymous_7)
FN:111,(anonymous_8)
FN:117,(anonymous_9)
FNF:10
FNH:7
FNDA:9,(anonymous_0)
FNDA:0,(anonymous_1)
FNDA:0,(anonymous_2)
FNDA:0,(anonymous_3)
FNDA:1,(anonymous_4)
FNDA:1,(anonymous_5)
FNDA:14,(anonymous_6)
FNDA:7,(anonymous_7)
FNDA:4,(anonymous_8)
FNDA:5,(anonymous_9)
DA:8,1
DA:9,1
DA:10,1
DA:11,1
DA:13,9
DA:22,0
DA:32,1
DA:40,1
DA:50,1
DA:51,1
DA:52,1
DA:53,1
DA:54,1
DA:55,1
DA:56,1
DA:57,1
DA:58,1
DA:61,1
DA:62,1
DA:63,1
DA:64,1
DA:65,1
DA:66,1
DA:69,1
DA:70,14
DA:71,14
DA:72,5
DA:73,5
DA:74,5
DA:76,14
DA:77,1
DA:78,1
DA:79,1
DA:83,13
DA:84,4
DA:85,4
DA:86,4
DA:90,9
DA:91,9
DA:92,9
DA:93,9
DA:106,1
DA:107,7
DA:109,7
DA:110,7
DA:111,7
DA:115,7
DA:116,7
DA:117,7
DA:119,7
LF:50
LH:49
BRDA:70,0,0,5
BRDA:70,0,1,9
BRDA:71,1,0,5
BRDA:71,1,1,9
BRDA:72,2,0,5
BRDA:72,2,1,5
BRDA:76,3,0,1
BRDA:76,3,1,13
BRDA:76,4,0,14
BRDA:76,4,1,10
BRDA:77,5,0,1
BRDA:77,5,1,1
BRDA:83,6,0,4
BRDA:83,6,1,9
BRDA:83,7,0,13
BRDA:83,7,1,4
BRDA:84,8,0,4
BRDA:84,8,1,4
BRDA:90,9,0,9
BRDA:90,9,1,0
BRDA:90,10,0,9
BRDA:90,10,1,9
BRDA:91,11,0,9
BRDA:91,11,1,7
BRDA:109,12,0,7
BRDA:109,12,1,1
BRDA:110,13,0,7
BRDA:110,13,1,0
BRDA:115,14,0,7
BRDA:115,14,1,0
BRDA:115,15,0,7
BRDA:115,15,1,0
BRDA:116,16,0,5
BRDA:116,16,1,2
BRF:34
BRH:30
end_of_record
TN:
SF:C:\Users\doron\myprojects\check-abilities\src\utils\checkAbilities.ts
FN:16,(anonymous_0)
FN:64,(anonymous_1)
FNF:2
FNH:2
FNDA:9,(anonymous_0)
FNDA:63,(anonymous_1)
DA:6,1
DA:7,1
DA:8,1
DA:16,1
DA:17,9
DA:37,9
DA:46,9
DA:55,9
DA:64,9
DA:66,63
DA:69,63
DA:70,48
DA:73,15
DA:74,15
DA:75,15
DA:76,15
DA:77,15
DA:78,15
DA:79,15
DA:86,9
DA:87,8
DA:88,1
DA:90,7
DA:93,1
DA:98,1
LF:25
LH:25
BRDA:69,0,0,48
BRDA:69,0,1,15
BRDA:74,1,0,0
BRDA:74,1,1,15
BRDA:77,2,0,15
BRDA:77,2,1,15
BRDA:77,2,2,10
BRDA:78,3,0,15
BRDA:78,3,1,14
BRDA:79,4,0,14
BRDA:79,4,1,1
BRDA:86,5,0,8
BRDA:86,5,1,1
BRDA:87,6,0,1
BRDA:87,6,1,7
BRF:15
BRH:14
end_of_record
TN:
SF:C:\Users\doron\myprojects\check-abilities\src\utils\filterData.ts
FN:5,(anonymous_0)
FN:16,(anonymous_1)
FN:20,(anonymous_2)
FN:26,(anonymous_3)
FNF:4
FNH:4
FNDA:23,(anonymous_0)
FNDA:10,(anonymous_1)
FNDA:12,(anonymous_2)
FNDA:22,(anonymous_3)
DA:1,2
DA:3,2
DA:5,2
DA:10,23
DA:11,23
DA:13,23
DA:16,23
DA:17,23
DA:20,2
DA:24,12
DA:25,12
DA:26,11
DA:27,22
DA:30,1
LF:14
LH:14
BRDA:14,0,0,5
BRDA:14,0,1,18
BRDA:13,1,0,23
BRDA:13,1,1,19
BRDA:25,2,0,11
BRDA:25,2,1,1
BRF:6
BRH:6
end_of_record
TN:
SF:C:\Users\doron\myprojects\check-abilities\src\utils\tinytim.ts
FN:9,default_1
FN:15,(anonymous_1)
FNF:2
FNH:2
FNDA:6,default_1
FNDA:8,(anonymous_1)
DA:4,4
DA:5,4
DA:6,4
DA:7,4
DA:9,4
DA:11,6
DA:12,12
DA:15,6
DA:16,8
DA:17,8
DA:18,8
DA:19,8
DA:21,8
DA:22,14
DA:25,14
DA:26,3
DA:30,11
DA:31,5
LF:18
LH:18
BRDA:11,0,0,0
BRDA:11,0,1,6
BRDA:12,1,0,6
BRDA:12,1,1,0
BRDA:25,2,0,3
BRDA:25,2,1,11
BRDA:30,3,0,5
BRDA:30,3,1,6
BRF:8
BRH:6
end_of_record
TN:
SF:C:\Users\doron\myprojects\check-abilities\src\utils\utils.ts
FN:17,(anonymous_0)
FN:22,(anonymous_1)
FN:26,(anonymous_2)
FN:33,(anonymous_3)
FN:36,(anonymous_4)
FN:40,(anonymous_5)
FN:53,(anonymous_6)
FN:63,(anonymous_7)
FN:68,(anonymous_8)
FN:76,(anonymous_9)
FN:82,(anonymous_10)
FN:101,(anonymous_11)
FN:107,(anonymous_12)
FN:113,(anonymous_13)
FN:117,(anonymous_14)
FN:123,(anonymous_15)
FN:131,(anonymous_16)
FN:136,(anonymous_17)
FN:142,(anonymous_18)
FN:153,(anonymous_19)
FN:160,(anonymous_20)
FN:164,(anonymous_21)
FN:167,(anonymous_22)
FN:180,(anonymous_23)
FN:187,(anonymous_24)
FNF:25
FNH:24
FNDA:2,(anonymous_0)
FNDA:116,(anonymous_1)
FNDA:21,(anonymous_2)
FNDA:1,(anonymous_3)
FNDA:5,(anonymous_4)
FNDA:30,(anonymous_5)
FNDA:5,(anonymous_6)
FNDA:10,(anonymous_7)
FNDA:15,(anonymous_8)
FNDA:23,(anonymous_9)
FNDA:10,(anonymous_10)
FNDA:7,(anonymous_11)
FNDA:7,(anonymous_12)
FNDA:1,(anonymous_13)
FNDA:1,(anonymous_14)
FNDA:2,(anonymous_15)
FNDA:5,(anonymous_16)
FNDA:6,(anonymous_17)
FNDA:4,(anonymous_18)
FNDA:0,(anonymous_19)
FNDA:8,(anonymous_20)
FNDA:43,(anonymous_21)
FNDA:86,(anonymous_22)
FNDA:43,(anonymous_23)
FNDA:8,(anonymous_24)
DA:14,3
DA:15,3
DA:17,3
DA:18,2
DA:19,1
DA:22,3
DA:23,116
DA:26,3
DA:27,21
DA:28,14
DA:30,7
DA:31,6
DA:33,1
DA:36,3
DA:37,5
DA:40,3
DA:41,30
DA:42,14
DA:44,16
DA:45,7
DA:47,9
DA:48,6
DA:50,3
DA:53,3
DA:57,5
DA:58,5
DA:59,5
DA:61,0
DA:63,3
DA:66,10
DA:68,3
DA:69,15
DA:70,5
DA:71,5
DA:73,0
DA:76,3
DA:77,23
DA:78,17
DA:79,17
DA:82,3
DA:83,10
DA:84,0
DA:86,10
DA:88,10
DA:89,2
DA:92,2
DA:93,0
DA:97,10
DA:98,10
DA:101,3
DA:102,7
DA:103,0
DA:107,3
DA:108,7
DA:109,0
DA:113,3
DA:114,1
DA:117,1
DA:119,0
DA:123,3
DA:124,2
DA:125,2
DA:126,0
DA:131,3
DA:132,5
DA:136,6
DA:138,0
DA:142,3
DA:143,4
DA:149,0
DA:153,3
DA:155,0
DA:156,0
DA:160,3
DA:161,8
DA:164,3
DA:165,43
DA:166,43
DA:167,43
DA:168,86
DA:169,16
DA:171,70
DA:174,43
DA:180,3
DA:185,43
DA:186,43
DA:187,8
DA:188,8
DA:189,5
DA:193,43
LF:90
LH:78
BRDA:18,0,0,1
BRDA:18,0,1,1
BRDA:23,1,0,116
BRDA:23,1,1,51
BRDA:27,2,0,14
BRDA:27,2,1,7
BRDA:27,3,0,21
BRDA:27,3,1,7
BRDA:30,4,0,6
BRDA:30,4,1,1
BRDA:41,5,0,14
BRDA:41,5,1,16
BRDA:44,6,0,7
BRDA:44,6,1,9
BRDA:47,7,0,6
BRDA:47,7,1,3
BRDA:58,8,0,5
BRDA:58,8,1,0
BRDA:59,9,0,5
BRDA:59,9,1,0
BRDA:69,10,0,10
BRDA:69,10,1,5
BRDA:70,11,0,5
BRDA:70,11,1,0
BRDA:77,12,0,6
BRDA:77,12,1,17
BRDA:78,13,0,0
BRDA:78,13,1,17
BRDA:83,14,0,0
BRDA:83,14,1,10
BRDA:83,15,0,10
BRDA:83,15,1,10
BRDA:92,16,0,0
BRDA:92,16,1,2
BRDA:98,17,0,10
BRDA:98,17,1,0
BRDA:102,18,0,0
BRDA:102,18,1,7
BRDA:102,19,0,7
BRDA:102,19,1,0
BRDA:108,20,0,0
BRDA:108,20,1,7
BRDA:108,21,0,7
BRDA:108,21,1,0
BRDA:114,22,0,0
BRDA:114,22,1,1
BRDA:115,23,0,1
BRDA:115,23,1,1
BRDA:115,23,2,1
BRDA:124,24,0,2
BRDA:124,24,1,0
BRDA:125,25,0,0
BRDA:125,25,1,2
BRDA:125,26,0,2
BRDA:125,26,1,2
BRDA:132,27,0,0
BRDA:132,27,1,5
BRDA:133,28,0,5
BRDA:133,28,1,5
BRDA:133,28,2,5
BRDA:143,29,0,0
BRDA:143,29,1,4
BRDA:144,30,0,4
BRDA:144,30,1,4
BRDA:144,30,2,1
BRDA:155,31,0,0
BRDA:155,31,1,0
BRDA:155,32,0,0
BRDA:155,32,1,0
BRDA:161,33,0,8
BRDA:161,33,1,4
BRDA:161,33,2,4
BRDA:168,34,0,16
BRDA:168,34,1,70
BRDA:185,35,0,42
BRDA:185,35,1,1
BRDA:186,36,0,8
BRDA:186,36,1,35
BRDA:188,37,0,5
BRDA:188,37,1,3
BRF:80
BRH:60
end_of_record
TN:
SF:C:\Users\doron\myprojects\check-abilities\src\utils\validateData.ts
FN:5,(anonymous_0)
FN:10,(anonymous_1)
FN:12,(anonymous_2)
FN:17,(anonymous_3)
FN:34,(anonymous_4)
FN:37,(anonymous_5)
FN:47,(anonymous_6)
FN:59,(anonymous_7)
FN:71,(anonymous_8)
FNF:9
FNH:9
FNDA:20,(anonymous_0)
FNDA:34,(anonymous_1)
FNDA:66,(anonymous_2)
FNDA:4,(anonymous_3)
FNDA:20,(anonymous_4)
FNDA:6,(anonymous_5)
FNDA:20,(anonymous_6)
FNDA:17,(anonymous_7)
FNDA:13,(anonymous_8)
DA:1,2
DA:3,2
DA:5,2
DA:6,20
DA:7,20
DA:8,15
DA:9,15
DA:10,15
DA:11,34
DA:12,66
DA:13,26
DA:15,8
DA:16,8
DA:17,4
DA:18,2
DA:19,2
DA:20,1
DA:22,1
DA:24,2
DA:26,4
DA:28,8
DA:30,7
DA:34,2
DA:35,20
DA:36,20
DA:37,6
DA:38,6
DA:39,2
DA:42,4
DA:44,2
DA:47,2
DA:52,20
DA:53,20
DA:54,20
DA:55,20
DA:56,18
DA:59,2
DA:65,17
DA:66,17
DA:67,17
DA:68,1
DA:70,16
DA:71,9
DA:72,13
DA:73,13
DA:74,4
DA:77,5
DA:79,7
DA:82,5
LF:49
LH:49
BRDA:7,0,0,5
BRDA:7,0,1,15
BRDA:7,1,0,20
BRDA:7,1,1,16
BRDA:8,2,0,15
BRDA:8,2,1,13
BRDA:12,3,0,26
BRDA:12,3,1,8
BRDA:16,4,0,4
BRDA:16,4,1,4
BRDA:17,5,0,2
BRDA:17,5,1,2
BRDA:19,6,0,1
BRDA:19,6,1,1
BRDA:36,7,0,14
BRDA:36,7,1,6
BRDA:38,8,0,2
BRDA:38,8,1,4
BRDA:55,9,0,2
BRDA:55,9,1,18
BRDA:67,10,0,1
BRDA:67,10,1,16
BRDA:67,11,0,17
BRDA:67,11,1,2
BRDA:70,12,0,9
BRDA:70,12,1,7
BRDA:73,13,0,4
BRDA:73,13,1,9
BRF:28
BRH:28
end_of_record
